#
# There is insufficient memory for the Java Runtime Environment to continue.
# Native memory allocation (malloc) failed to allocate 1308048 bytes for Chunk::new
# Possible reasons:
#   The system is out of physical RAM or swap space
#   The process is running with CompressedOops enabled, and the Java Heap may be blocking the growth of the native heap
# Possible solutions:
#   Reduce memory load on the system
#   Increase physical memory or swap space
#   Check if swap backing store is full
#   Decrease Java heap size (-Xmx/-Xms)
#   Decrease number of Java threads
#   Decrease Java thread stack sizes (-Xss)
#   Set larger code cache with -XX:ReservedCodeCacheSize=
#   JVM is running with Unscaled Compressed Oops mode in which the Java heap is
#     placed in the first 4GB address space. The Java Heap base address is the
#     maximum limit for the native heap growth. Please use -XX:HeapBaseMinAddress
#     to set the Java Heap base and to place the Java Heap above 4GB virtual address.
# This output file may be truncated or incomplete.
#
#  Out of Memory Error (arena.cpp:168), pid=26376, tid=10452
#
# JRE version: Java(TM) SE Runtime Environment (21.0.9+7) (build 21.0.9+7-LTS-338)
# Java VM: Java HotSpot(TM) 64-Bit Server VM (21.0.9+7-LTS-338, mixed mode, sharing, tiered, compressed oops, compressed class ptrs, g1 gc, windows-amd64)
# No core dump will be written. Minidumps are not enabled by default on client versions of Windows
#

---------------  S U M M A R Y ------------

Command Line: org.jetbrains.kotlin.cli.jvm.K2JVMCompiler @C:\mobilki\app\build\20251129_3975427934241844418.compiler.options

Host: 11th Gen Intel(R) Core(TM) i5-1135G7 @ 2.40GHz, 8 cores, 7G,  Windows 11 , 64 bit Build 22621 (10.0.22621.5415)
Time: Sat Nov 29 23:58:04 2025 elapsed time: 12.035415 seconds (0d 0h 0m 12s)

---------------  T H R E A D  ---------------

Current thread (0x000002032cb4ae50):  JavaThread "C2 CompilerThread0" daemon [_thread_in_native, id=10452, stack(0x0000006ba3900000,0x0000006ba3a00000) (1024K)]


Current CompileTask:
C2:  12035 13960       4       org.jetbrains.kotlin.load.kotlin.TypeSignatureMappingKt::mapBuiltInType (339 bytes)

Stack: [0x0000006ba3900000,0x0000006ba3a00000]
Native frames: (J=compiled Java code, j=interpreted, Vv=VM code, C=native code)
V  [jvm.dll+0x6cbf89]
V  [jvm.dll+0x858421]
V  [jvm.dll+0x85a94e]
V  [jvm.dll+0x85b023]
V  [jvm.dll+0x27ebc6]
V  [jvm.dll+0xc4f4d]
V  [jvm.dll+0xc5483]
V  [jvm.dll+0x3b69fc]
V  [jvm.dll+0x382925]
V  [jvm.dll+0x381d9a]
V  [jvm.dll+0x247640]
V  [jvm.dll+0x246c1f]
V  [jvm.dll+0x1c7a3e]
V  [jvm.dll+0x256329]
V  [jvm.dll+0x2548ba]
V  [jvm.dll+0x3efdee]
V  [jvm.dll+0x80265b]
V  [jvm.dll+0x6ca66d]
C  [ucrtbase.dll+0x29333]
C  [KERNEL32.DLL+0x1259d]
C  [ntdll.dll+0x5af78]


---------------  P R O C E S S  ---------------

Threads class SMR info:
_java_thread_list=0x0000020375f21920, length=12, elements={
0x000002030e04d780, 0x000002032cb3a910, 0x000002032cb3b570, 0x000002032cb3d1e0,
0x000002032cb3ffb0, 0x000002032cb40a10, 0x000002032cb43880, 0x000002032cb4ae50,
0x000002032cb53900, 0x00000203721887d0, 0x000002037218b820, 0x000002037219cb00
}

Java Threads: ( => current thread )
  0x000002030e04d780 JavaThread "main"                              [_thread_in_Java, id=18500, stack(0x0000006ba2b00000,0x0000006ba2c00000) (1024K)]
  0x000002032cb3a910 JavaThread "Reference Handler"          daemon [_thread_blocked, id=2212, stack(0x0000006ba3300000,0x0000006ba3400000) (1024K)]
  0x000002032cb3b570 JavaThread "Finalizer"                  daemon [_thread_blocked, id=25148, stack(0x0000006ba3400000,0x0000006ba3500000) (1024K)]
  0x000002032cb3d1e0 JavaThread "Signal Dispatcher"          daemon [_thread_blocked, id=17124, stack(0x0000006ba3500000,0x0000006ba3600000) (1024K)]
  0x000002032cb3ffb0 JavaThread "Attach Listener"            daemon [_thread_blocked, id=16800, stack(0x0000006ba3600000,0x0000006ba3700000) (1024K)]
  0x000002032cb40a10 JavaThread "Service Thread"             daemon [_thread_blocked, id=20712, stack(0x0000006ba3700000,0x0000006ba3800000) (1024K)]
  0x000002032cb43880 JavaThread "Monitor Deflation Thread"   daemon [_thread_blocked, id=3472, stack(0x0000006ba3800000,0x0000006ba3900000) (1024K)]
=>0x000002032cb4ae50 JavaThread "C2 CompilerThread0"         daemon [_thread_in_native, id=10452, stack(0x0000006ba3900000,0x0000006ba3a00000) (1024K)]
  0x000002032cb53900 JavaThread "C1 CompilerThread0"         daemon [_thread_in_native, id=20476, stack(0x0000006ba3a00000,0x0000006ba3b00000) (1024K)]
  0x00000203721887d0 JavaThread "Notification Thread"        daemon [_thread_blocked, id=9416, stack(0x0000006ba3b00000,0x0000006ba3c00000) (1024K)]
  0x000002037218b820 JavaThread "Common-Cleaner"             daemon [_thread_blocked, id=26732, stack(0x0000006ba3c00000,0x0000006ba3d00000) (1024K)]
  0x000002037219cb00 JavaThread "C2 CompilerThread1"         daemon [_thread_in_native, id=18168, stack(0x0000006ba3d00000,0x0000006ba3e00000) (1024K)]
Total: 12

Other Threads:
  0x000002032cb21260 VMThread "VM Thread"                           [id=26560, stack(0x0000006ba3200000,0x0000006ba3300000) (1024K)]
  0x000002032cb10050 WatcherThread "VM Periodic Task Thread"        [id=20996, stack(0x0000006ba3100000,0x0000006ba3200000) (1024K)]
  0x0000020310281220 WorkerThread "GC Thread#0"                     [id=21924, stack(0x0000006ba2c00000,0x0000006ba2d00000) (1024K)]
  0x0000020372542f40 WorkerThread "GC Thread#1"                     [id=4076, stack(0x0000006ba3f00000,0x0000006ba4000000) (1024K)]
  0x00000203725436a0 WorkerThread "GC Thread#2"                     [id=25976, stack(0x0000006ba4000000,0x0000006ba4100000) (1024K)]
  0x00000203725432f0 WorkerThread "GC Thread#3"                     [id=9408, stack(0x0000006ba4100000,0x0000006ba4200000) (1024K)]
  0x0000020372542430 WorkerThread "GC Thread#4"                     [id=16568, stack(0x0000006ba4200000,0x0000006ba4300000) (1024K)]
  0x00000203727d5730 WorkerThread "GC Thread#5"                     [id=23252, stack(0x0000006ba4300000,0x0000006ba4400000) (1024K)]
  0x00000203727d2ea0 WorkerThread "GC Thread#6"                     [id=23716, stack(0x0000006ba4400000,0x0000006ba4500000) (1024K)]
  0x00000203727d5e90 WorkerThread "GC Thread#7"                     [id=12400, stack(0x0000006ba4500000,0x0000006ba4600000) (1024K)]
  0x0000020310292ca0 ConcurrentGCThread "G1 Main Marker"            [id=9824, stack(0x0000006ba2d00000,0x0000006ba2e00000) (1024K)]
  0x00000203102936c0 WorkerThread "G1 Conc#0"                       [id=6584, stack(0x0000006ba2e00000,0x0000006ba2f00000) (1024K)]
  0x00000203727d2af0 WorkerThread "G1 Conc#1"                       [id=7144, stack(0x0000006ba4600000,0x0000006ba4700000) (1024K)]
  0x00000203102ee7f0 ConcurrentGCThread "G1 Refine#0"               [id=15320, stack(0x0000006ba2f00000,0x0000006ba3000000) (1024K)]
  0x000002032c9e3570 ConcurrentGCThread "G1 Service"                [id=13088, stack(0x0000006ba3000000,0x0000006ba3100000) (1024K)]
Total: 15

Threads with active compile tasks:
C2 CompilerThread0    12052 13960       4       org.jetbrains.kotlin.load.kotlin.TypeSignatureMappingKt::mapBuiltInType (339 bytes)
C1 CompilerThread0    12053 14019       3       org.jetbrains.kotlin.backend.jvm.mapping.IrTypeMapper::writeGenericType (322 bytes)
C2 CompilerThread1    12053 13971       4       java.lang.invoke.MethodType::makeImpl (109 bytes)
Total: 3

VM state: not at safepoint (normal execution)

VM Mutex/Monitor currently owned by a thread: None

Heap address: 0x0000000083200000, size: 1998 MB, Compressed Oops mode: 32-bit

CDS archive(s) mapped at: [0x000002032d000000-0x000002032dc90000-0x000002032dc90000), size 13172736, SharedBaseAddress: 0x000002032d000000, ArchiveRelocationMode: 1.
Compressed class space mapped at: 0x000002032e000000-0x000002036e000000, reserved size: 1073741824
Narrow klass base: 0x000002032d000000, Narrow klass shift: 0, Narrow klass range: 0x100000000

GC Precious Log:
 CardTable entry size: 512
 Card Set container configuration: InlinePtr #cards 5 size 8 Array Of Cards #cards 12 size 40 Howl #buckets 4 coarsen threshold 1843 Howl Bitmap #cards 512 size 80 coarsen threshold 460 Card regions per heap region 1 cards per card region 2048
 CPUs: 8 total, 8 available
 Memory: 7991M
 Large Page Support: Disabled
 NUMA Support: Disabled
 Compressed Oops: Enabled (32-bit)
 Heap Region Size: 1M
 Heap Min Capacity: 8M
 Heap Initial Capacity: 126M
 Heap Max Capacity: 1998M
 Pre-touch: Disabled
 Parallel Workers: 8
 Concurrent Workers: 2
 Concurrent Refinement Workers: 8
 Periodic GC: Disabled

Heap:
 garbage-first heap   total 144384K, used 105271K [0x0000000083200000, 0x0000000100000000)
  region size 1024K, 36 young (36864K), 2 survivors (2048K)
 Metaspace       used 72845K, committed 73664K, reserved 1179648K
  class space    used 7751K, committed 8128K, reserved 1048576K

Heap Regions: E=young(eden), S=young(survivor), O=old, HS=humongous(starts), HC=humongous(continues), CS=collection set, F=free, TAMS=top-at-mark-start, PB=parsable bottom
|   0|0x0000000083200000, 0x0000000083300000, 0x0000000083300000|100%|HS|  |TAMS 0x0000000083200000| PB 0x0000000083200000| Complete 
|   1|0x0000000083300000, 0x0000000083400000, 0x0000000083400000|100%|HC|  |TAMS 0x0000000083300000| PB 0x0000000083300000| Complete 
|   2|0x0000000083400000, 0x0000000083500000, 0x0000000083500000|100%|HC|  |TAMS 0x0000000083400000| PB 0x0000000083400000| Complete 
|   3|0x0000000083500000, 0x0000000083600000, 0x0000000083600000|100%|HC|  |TAMS 0x0000000083500000| PB 0x0000000083500000| Complete 
|   4|0x0000000083600000, 0x0000000083700000, 0x0000000083700000|100%|HS|  |TAMS 0x0000000083600000| PB 0x0000000083600000| Complete 
|   5|0x0000000083700000, 0x0000000083800000, 0x0000000083800000|100%|HC|  |TAMS 0x0000000083700000| PB 0x0000000083700000| Complete 
|   6|0x0000000083800000, 0x0000000083900000, 0x0000000083900000|100%| O|  |TAMS 0x0000000083800000| PB 0x0000000083800000| Untracked 
|   7|0x0000000083900000, 0x0000000083a00000, 0x0000000083a00000|100%| O|  |TAMS 0x0000000083900000| PB 0x0000000083900000| Untracked 
|   8|0x0000000083a00000, 0x0000000083b00000, 0x0000000083b00000|100%| O|  |TAMS 0x0000000083a00000| PB 0x0000000083a00000| Untracked 
|   9|0x0000000083b00000, 0x0000000083c00000, 0x0000000083c00000|100%| O|  |TAMS 0x0000000083b00000| PB 0x0000000083b00000| Untracked 
|  10|0x0000000083c00000, 0x0000000083d00000, 0x0000000083d00000|100%| O|  |TAMS 0x0000000083c00000| PB 0x0000000083c00000| Untracked 
|  11|0x0000000083d00000, 0x0000000083e00000, 0x0000000083e00000|100%| O|  |TAMS 0x0000000083d00000| PB 0x0000000083d00000| Untracked 
|  12|0x0000000083e00000, 0x0000000083f00000, 0x0000000083f00000|100%| O|  |TAMS 0x0000000083e00000| PB 0x0000000083e00000| Untracked 
|  13|0x0000000083f00000, 0x0000000084000000, 0x0000000084000000|100%| O|  |TAMS 0x0000000083f00000| PB 0x0000000083f00000| Untracked 
|  14|0x0000000084000000, 0x0000000084100000, 0x0000000084100000|100%| O|  |TAMS 0x0000000084000000| PB 0x0000000084000000| Untracked 
|  15|0x0000000084100000, 0x0000000084200000, 0x0000000084200000|100%| O|  |TAMS 0x0000000084100000| PB 0x0000000084100000| Untracked 
|  16|0x0000000084200000, 0x0000000084300000, 0x0000000084300000|100%| O|  |TAMS 0x0000000084200000| PB 0x0000000084200000| Untracked 
|  17|0x0000000084300000, 0x0000000084400000, 0x0000000084400000|100%| O|  |TAMS 0x0000000084300000| PB 0x0000000084300000| Untracked 
|  18|0x0000000084400000, 0x0000000084500000, 0x0000000084500000|100%| O|  |TAMS 0x0000000084400000| PB 0x0000000084400000| Untracked 
|  19|0x0000000084500000, 0x0000000084600000, 0x0000000084600000|100%| O|  |TAMS 0x0000000084500000| PB 0x0000000084500000| Untracked 
|  20|0x0000000084600000, 0x0000000084700000, 0x0000000084700000|100%| O|  |TAMS 0x0000000084600000| PB 0x0000000084600000| Untracked 
|  21|0x0000000084700000, 0x0000000084800000, 0x0000000084800000|100%| O|  |TAMS 0x0000000084700000| PB 0x0000000084700000| Untracked 
|  22|0x0000000084800000, 0x0000000084900000, 0x0000000084900000|100%| O|  |TAMS 0x0000000084800000| PB 0x0000000084800000| Untracked 
|  23|0x0000000084900000, 0x0000000084a00000, 0x0000000084a00000|100%| O|  |TAMS 0x0000000084900000| PB 0x0000000084900000| Untracked 
|  24|0x0000000084a00000, 0x0000000084b00000, 0x0000000084b00000|100%| O|  |TAMS 0x0000000084a00000| PB 0x0000000084a00000| Untracked 
|  25|0x0000000084b00000, 0x0000000084c00000, 0x0000000084c00000|100%| O|  |TAMS 0x0000000084b00000| PB 0x0000000084b00000| Untracked 
|  26|0x0000000084c00000, 0x0000000084d00000, 0x0000000084d00000|100%| O|  |TAMS 0x0000000084c00000| PB 0x0000000084c00000| Untracked 
|  27|0x0000000084d00000, 0x0000000084e00000, 0x0000000084e00000|100%| O|  |TAMS 0x0000000084d00000| PB 0x0000000084d00000| Untracked 
|  28|0x0000000084e00000, 0x0000000084f00000, 0x0000000084f00000|100%| O|  |TAMS 0x0000000084e00000| PB 0x0000000084e00000| Untracked 
|  29|0x0000000084f00000, 0x0000000085000000, 0x0000000085000000|100%| O|  |TAMS 0x0000000084f00000| PB 0x0000000084f00000| Untracked 
|  30|0x0000000085000000, 0x0000000085100000, 0x0000000085100000|100%| O|  |TAMS 0x0000000085000000| PB 0x0000000085000000| Untracked 
|  31|0x0000000085100000, 0x0000000085200000, 0x0000000085200000|100%| O|  |TAMS 0x0000000085100000| PB 0x0000000085100000| Untracked 
|  32|0x0000000085200000, 0x0000000085300000, 0x0000000085300000|100%| O|  |TAMS 0x0000000085200000| PB 0x0000000085200000| Untracked 
|  33|0x0000000085300000, 0x0000000085400000, 0x0000000085400000|100%| O|  |TAMS 0x0000000085300000| PB 0x0000000085300000| Untracked 
|  34|0x0000000085400000, 0x0000000085500000, 0x0000000085500000|100%| O|  |TAMS 0x0000000085400000| PB 0x0000000085400000| Untracked 
|  35|0x0000000085500000, 0x0000000085600000, 0x0000000085600000|100%| O|  |TAMS 0x0000000085500000| PB 0x0000000085500000| Untracked 
|  36|0x0000000085600000, 0x0000000085700000, 0x0000000085700000|100%| O|  |TAMS 0x0000000085600000| PB 0x0000000085600000| Untracked 
|  37|0x0000000085700000, 0x0000000085800000, 0x0000000085800000|100%| O|  |TAMS 0x0000000085700000| PB 0x0000000085700000| Untracked 
|  38|0x0000000085800000, 0x0000000085900000, 0x0000000085900000|100%| O|  |TAMS 0x0000000085800000| PB 0x0000000085800000| Untracked 
|  39|0x0000000085900000, 0x0000000085a00000, 0x0000000085a00000|100%| O|  |TAMS 0x0000000085900000| PB 0x0000000085900000| Untracked 
|  40|0x0000000085a00000, 0x0000000085b00000, 0x0000000085b00000|100%| O|  |TAMS 0x0000000085a00000| PB 0x0000000085a00000| Untracked 
|  41|0x0000000085b00000, 0x0000000085c00000, 0x0000000085c00000|100%| O|  |TAMS 0x0000000085b00000| PB 0x0000000085b00000| Untracked 
|  42|0x0000000085c00000, 0x0000000085d00000, 0x0000000085d00000|100%| O|  |TAMS 0x0000000085c00000| PB 0x0000000085c00000| Untracked 
|  43|0x0000000085d00000, 0x0000000085e00000, 0x0000000085e00000|100%| O|  |TAMS 0x0000000085d00000| PB 0x0000000085d00000| Untracked 
|  44|0x0000000085e00000, 0x0000000085f00000, 0x0000000085f00000|100%| O|  |TAMS 0x0000000085e00000| PB 0x0000000085e00000| Untracked 
|  45|0x0000000085f00000, 0x0000000086000000, 0x0000000086000000|100%| O|  |TAMS 0x0000000085f00000| PB 0x0000000085f00000| Untracked 
|  46|0x0000000086000000, 0x0000000086100000, 0x0000000086100000|100%| O|  |TAMS 0x0000000086000000| PB 0x0000000086000000| Untracked 
|  47|0x0000000086100000, 0x0000000086200000, 0x0000000086200000|100%| O|  |TAMS 0x0000000086100000| PB 0x0000000086100000| Untracked 
|  48|0x0000000086200000, 0x0000000086300000, 0x0000000086300000|100%| O|  |TAMS 0x0000000086200000| PB 0x0000000086200000| Untracked 
|  49|0x0000000086300000, 0x0000000086400000, 0x0000000086400000|100%| O|  |TAMS 0x0000000086300000| PB 0x0000000086300000| Untracked 
|  50|0x0000000086400000, 0x0000000086500000, 0x0000000086500000|100%| O|  |TAMS 0x0000000086400000| PB 0x0000000086400000| Untracked 
|  51|0x0000000086500000, 0x0000000086500000, 0x0000000086600000|  0%| F|  |TAMS 0x0000000086500000| PB 0x0000000086500000| Untracked 
|  52|0x0000000086600000, 0x0000000086700000, 0x0000000086700000|100%| O|  |TAMS 0x0000000086600000| PB 0x0000000086600000| Untracked 
|  53|0x0000000086700000, 0x0000000086800000, 0x0000000086800000|100%| O|  |TAMS 0x0000000086700000| PB 0x0000000086700000| Untracked 
|  54|0x0000000086800000, 0x0000000086800000, 0x0000000086900000|  0%| F|  |TAMS 0x0000000086800000| PB 0x0000000086800000| Untracked 
|  55|0x0000000086900000, 0x0000000086a00000, 0x0000000086a00000|100%| O|  |TAMS 0x0000000086900000| PB 0x0000000086900000| Untracked 
|  56|0x0000000086a00000, 0x0000000086b00000, 0x0000000086b00000|100%| O|  |TAMS 0x0000000086a00000| PB 0x0000000086a00000| Untracked 
|  57|0x0000000086b00000, 0x0000000086c00000, 0x0000000086c00000|100%| O|  |TAMS 0x0000000086b00000| PB 0x0000000086b00000| Untracked 
|  58|0x0000000086c00000, 0x0000000086d00000, 0x0000000086d00000|100%| O|  |TAMS 0x0000000086c00000| PB 0x0000000086c00000| Untracked 
|  59|0x0000000086d00000, 0x0000000086e00000, 0x0000000086e00000|100%| O|  |TAMS 0x0000000086d00000| PB 0x0000000086d00000| Untracked 
|  60|0x0000000086e00000, 0x0000000086f00000, 0x0000000086f00000|100%| O|  |TAMS 0x0000000086e00000| PB 0x0000000086e00000| Untracked 
|  61|0x0000000086f00000, 0x0000000087000000, 0x0000000087000000|100%| O|  |TAMS 0x0000000086f00000| PB 0x0000000086f00000| Untracked 
|  62|0x0000000087000000, 0x0000000087100000, 0x0000000087100000|100%| O|  |TAMS 0x0000000087000000| PB 0x0000000087000000| Untracked 
|  63|0x0000000087100000, 0x0000000087200000, 0x0000000087200000|100%| O|  |TAMS 0x0000000087100000| PB 0x0000000087100000| Untracked 
|  64|0x0000000087200000, 0x00000000872cdf10, 0x0000000087300000| 80%| O|  |TAMS 0x0000000087200000| PB 0x0000000087200000| Untracked 
|  65|0x0000000087300000, 0x0000000087300000, 0x0000000087400000|  0%| F|  |TAMS 0x0000000087300000| PB 0x0000000087300000| Untracked 
|  66|0x0000000087400000, 0x0000000087400000, 0x0000000087500000|  0%| F|  |TAMS 0x0000000087400000| PB 0x0000000087400000| Untracked 
|  67|0x0000000087500000, 0x0000000087500000, 0x0000000087600000|  0%| F|  |TAMS 0x0000000087500000| PB 0x0000000087500000| Untracked 
|  68|0x0000000087600000, 0x0000000087600000, 0x0000000087700000|  0%| F|  |TAMS 0x0000000087600000| PB 0x0000000087600000| Untracked 
|  69|0x0000000087700000, 0x0000000087700000, 0x0000000087800000|  0%| F|  |TAMS 0x0000000087700000| PB 0x0000000087700000| Untracked 
|  70|0x0000000087800000, 0x0000000087800000, 0x0000000087900000|  0%| F|  |TAMS 0x0000000087800000| PB 0x0000000087800000| Untracked 
|  71|0x0000000087900000, 0x0000000087900000, 0x0000000087a00000|  0%| F|  |TAMS 0x0000000087900000| PB 0x0000000087900000| Untracked 
|  72|0x0000000087a00000, 0x0000000087b00000, 0x0000000087b00000|100%| S|CS|TAMS 0x0000000087a00000| PB 0x0000000087a00000| Complete 
|  73|0x0000000087b00000, 0x0000000087c00000, 0x0000000087c00000|100%| S|CS|TAMS 0x0000000087b00000| PB 0x0000000087b00000| Complete 
|  74|0x0000000087c00000, 0x0000000087c00000, 0x0000000087d00000|  0%| F|  |TAMS 0x0000000087c00000| PB 0x0000000087c00000| Untracked 
|  75|0x0000000087d00000, 0x0000000087d00000, 0x0000000087e00000|  0%| F|  |TAMS 0x0000000087d00000| PB 0x0000000087d00000| Untracked 
|  76|0x0000000087e00000, 0x0000000087e00000, 0x0000000087f00000|  0%| F|  |TAMS 0x0000000087e00000| PB 0x0000000087e00000| Untracked 
|  77|0x0000000087f00000, 0x0000000087f00000, 0x0000000088000000|  0%| F|  |TAMS 0x0000000087f00000| PB 0x0000000087f00000| Untracked 
|  78|0x0000000088000000, 0x0000000088000000, 0x0000000088100000|  0%| F|  |TAMS 0x0000000088000000| PB 0x0000000088000000| Untracked 
|  79|0x0000000088100000, 0x0000000088100000, 0x0000000088200000|  0%| F|  |TAMS 0x0000000088100000| PB 0x0000000088100000| Untracked 
|  80|0x0000000088200000, 0x0000000088200000, 0x0000000088300000|  0%| F|  |TAMS 0x0000000088200000| PB 0x0000000088200000| Untracked 
|  81|0x0000000088300000, 0x0000000088300000, 0x0000000088400000|  0%| F|  |TAMS 0x0000000088300000| PB 0x0000000088300000| Untracked 
|  82|0x0000000088400000, 0x0000000088400000, 0x0000000088500000|  0%| F|  |TAMS 0x0000000088400000| PB 0x0000000088400000| Untracked 
|  83|0x0000000088500000, 0x0000000088500000, 0x0000000088600000|  0%| F|  |TAMS 0x0000000088500000| PB 0x0000000088500000| Untracked 
|  84|0x0000000088600000, 0x0000000088600000, 0x0000000088700000|  0%| F|  |TAMS 0x0000000088600000| PB 0x0000000088600000| Untracked 
|  85|0x0000000088700000, 0x0000000088700000, 0x0000000088800000|  0%| F|  |TAMS 0x0000000088700000| PB 0x0000000088700000| Untracked 
|  86|0x0000000088800000, 0x0000000088800000, 0x0000000088900000|  0%| F|  |TAMS 0x0000000088800000| PB 0x0000000088800000| Untracked 
|  87|0x0000000088900000, 0x0000000088900000, 0x0000000088a00000|  0%| F|  |TAMS 0x0000000088900000| PB 0x0000000088900000| Untracked 
|  88|0x0000000088a00000, 0x0000000088a00000, 0x0000000088b00000|  0%| F|  |TAMS 0x0000000088a00000| PB 0x0000000088a00000| Untracked 
|  89|0x0000000088b00000, 0x0000000088b00000, 0x0000000088c00000|  0%| F|  |TAMS 0x0000000088b00000| PB 0x0000000088b00000| Untracked 
|  90|0x0000000088c00000, 0x0000000088c00000, 0x0000000088d00000|  0%| F|  |TAMS 0x0000000088c00000| PB 0x0000000088c00000| Untracked 
|  91|0x0000000088d00000, 0x0000000088d00000, 0x0000000088e00000|  0%| F|  |TAMS 0x0000000088d00000| PB 0x0000000088d00000| Untracked 
|  92|0x0000000088e00000, 0x0000000088e00000, 0x0000000088f00000|  0%| F|  |TAMS 0x0000000088e00000| PB 0x0000000088e00000| Untracked 
|  93|0x0000000088f00000, 0x0000000088f00000, 0x0000000089000000|  0%| F|  |TAMS 0x0000000088f00000| PB 0x0000000088f00000| Untracked 
|  94|0x0000000089000000, 0x0000000089000000, 0x0000000089100000|  0%| F|  |TAMS 0x0000000089000000| PB 0x0000000089000000| Untracked 
|  95|0x0000000089100000, 0x0000000089100000, 0x0000000089200000|  0%| F|  |TAMS 0x0000000089100000| PB 0x0000000089100000| Untracked 
|  96|0x0000000089200000, 0x0000000089200000, 0x0000000089300000|  0%| F|  |TAMS 0x0000000089200000| PB 0x0000000089200000| Untracked 
|  97|0x0000000089300000, 0x0000000089300000, 0x0000000089400000|  0%| F|  |TAMS 0x0000000089300000| PB 0x0000000089300000| Untracked 
|  98|0x0000000089400000, 0x0000000089400000, 0x0000000089500000|  0%| F|  |TAMS 0x0000000089400000| PB 0x0000000089400000| Untracked 
|  99|0x0000000089500000, 0x0000000089500000, 0x0000000089600000|  0%| F|  |TAMS 0x0000000089500000| PB 0x0000000089500000| Untracked 
| 100|0x0000000089600000, 0x0000000089600000, 0x0000000089700000|  0%| F|  |TAMS 0x0000000089600000| PB 0x0000000089600000| Untracked 
| 101|0x0000000089700000, 0x0000000089700000, 0x0000000089800000|  0%| F|  |TAMS 0x0000000089700000| PB 0x0000000089700000| Untracked 
| 102|0x0000000089800000, 0x0000000089900000, 0x0000000089900000|100%| E|  |TAMS 0x0000000089800000| PB 0x0000000089800000| Complete 
| 103|0x0000000089900000, 0x0000000089a00000, 0x0000000089a00000|100%| E|CS|TAMS 0x0000000089900000| PB 0x0000000089900000| Complete 
| 104|0x0000000089a00000, 0x0000000089b00000, 0x0000000089b00000|100%| E|CS|TAMS 0x0000000089a00000| PB 0x0000000089a00000| Complete 
| 105|0x0000000089b00000, 0x0000000089c00000, 0x0000000089c00000|100%| E|CS|TAMS 0x0000000089b00000| PB 0x0000000089b00000| Complete 
| 106|0x0000000089c00000, 0x0000000089d00000, 0x0000000089d00000|100%| E|CS|TAMS 0x0000000089c00000| PB 0x0000000089c00000| Complete 
| 107|0x0000000089d00000, 0x0000000089e00000, 0x0000000089e00000|100%| E|CS|TAMS 0x0000000089d00000| PB 0x0000000089d00000| Complete 
| 108|0x0000000089e00000, 0x0000000089f00000, 0x0000000089f00000|100%| E|CS|TAMS 0x0000000089e00000| PB 0x0000000089e00000| Complete 
| 109|0x0000000089f00000, 0x000000008a000000, 0x000000008a000000|100%| E|CS|TAMS 0x0000000089f00000| PB 0x0000000089f00000| Complete 
| 110|0x000000008a000000, 0x000000008a100000, 0x000000008a100000|100%| E|CS|TAMS 0x000000008a000000| PB 0x000000008a000000| Complete 
| 111|0x000000008a100000, 0x000000008a200000, 0x000000008a200000|100%| E|CS|TAMS 0x000000008a100000| PB 0x000000008a100000| Complete 
| 112|0x000000008a200000, 0x000000008a300000, 0x000000008a300000|100%| E|CS|TAMS 0x000000008a200000| PB 0x000000008a200000| Complete 
| 113|0x000000008a300000, 0x000000008a400000, 0x000000008a400000|100%| E|CS|TAMS 0x000000008a300000| PB 0x000000008a300000| Complete 
| 114|0x000000008a400000, 0x000000008a500000, 0x000000008a500000|100%| E|CS|TAMS 0x000000008a400000| PB 0x000000008a400000| Complete 
| 115|0x000000008a500000, 0x000000008a600000, 0x000000008a600000|100%| E|CS|TAMS 0x000000008a500000| PB 0x000000008a500000| Complete 
| 116|0x000000008a600000, 0x000000008a700000, 0x000000008a700000|100%| E|CS|TAMS 0x000000008a600000| PB 0x000000008a600000| Complete 
| 117|0x000000008a700000, 0x000000008a800000, 0x000000008a800000|100%| E|CS|TAMS 0x000000008a700000| PB 0x000000008a700000| Complete 
| 118|0x000000008a800000, 0x000000008a900000, 0x000000008a900000|100%| E|CS|TAMS 0x000000008a800000| PB 0x000000008a800000| Complete 
| 119|0x000000008a900000, 0x000000008aa00000, 0x000000008aa00000|100%| E|CS|TAMS 0x000000008a900000| PB 0x000000008a900000| Complete 
| 120|0x000000008aa00000, 0x000000008ab00000, 0x000000008ab00000|100%| E|CS|TAMS 0x000000008aa00000| PB 0x000000008aa00000| Complete 
| 121|0x000000008ab00000, 0x000000008ac00000, 0x000000008ac00000|100%| E|CS|TAMS 0x000000008ab00000| PB 0x000000008ab00000| Complete 
| 122|0x000000008ac00000, 0x000000008ad00000, 0x000000008ad00000|100%| E|CS|TAMS 0x000000008ac00000| PB 0x000000008ac00000| Complete 
| 123|0x000000008ad00000, 0x000000008ae00000, 0x000000008ae00000|100%| E|CS|TAMS 0x000000008ad00000| PB 0x000000008ad00000| Complete 
| 124|0x000000008ae00000, 0x000000008af00000, 0x000000008af00000|100%| E|CS|TAMS 0x000000008ae00000| PB 0x000000008ae00000| Complete 
| 125|0x000000008af00000, 0x000000008b000000, 0x000000008b000000|100%| E|CS|TAMS 0x000000008af00000| PB 0x000000008af00000| Complete 
| 126|0x000000008b000000, 0x000000008b100000, 0x000000008b100000|100%| E|CS|TAMS 0x000000008b000000| PB 0x000000008b000000| Complete 
| 127|0x000000008b100000, 0x000000008b200000, 0x000000008b200000|100%| E|CS|TAMS 0x000000008b100000| PB 0x000000008b100000| Complete 
| 128|0x000000008b200000, 0x000000008b300000, 0x000000008b300000|100%| E|CS|TAMS 0x000000008b200000| PB 0x000000008b200000| Complete 
| 129|0x000000008b300000, 0x000000008b400000, 0x000000008b400000|100%| E|CS|TAMS 0x000000008b300000| PB 0x000000008b300000| Complete 
| 130|0x000000008b400000, 0x000000008b500000, 0x000000008b500000|100%| E|CS|TAMS 0x000000008b400000| PB 0x000000008b400000| Complete 
| 131|0x000000008b500000, 0x000000008b600000, 0x000000008b600000|100%| E|CS|TAMS 0x000000008b500000| PB 0x000000008b500000| Complete 
| 132|0x000000008b600000, 0x000000008b700000, 0x000000008b700000|100%| E|CS|TAMS 0x000000008b600000| PB 0x000000008b600000| Complete 
| 133|0x000000008b700000, 0x000000008b800000, 0x000000008b800000|100%| E|CS|TAMS 0x000000008b700000| PB 0x000000008b700000| Complete 
| 134|0x000000008b800000, 0x000000008b900000, 0x000000008b900000|100%| E|CS|TAMS 0x000000008b800000| PB 0x000000008b800000| Complete 
| 135|0x000000008b900000, 0x000000008ba00000, 0x000000008ba00000|100%| E|CS|TAMS 0x000000008b900000| PB 0x000000008b900000| Complete 
|1993|0x00000000ffb00000, 0x00000000ffc00000, 0x00000000ffc00000|100%| O|  |TAMS 0x00000000ffb00000| PB 0x00000000ffb00000| Untracked 
|1994|0x00000000ffc00000, 0x00000000ffd00000, 0x00000000ffd00000|100%| O|  |TAMS 0x00000000ffc00000| PB 0x00000000ffc00000| Untracked 
|1995|0x00000000ffd00000, 0x00000000ffe00000, 0x00000000ffe00000|100%| O|  |TAMS 0x00000000ffd00000| PB 0x00000000ffd00000| Untracked 
|1996|0x00000000ffe00000, 0x00000000fff00000, 0x00000000fff00000|100%| O|  |TAMS 0x00000000ffe00000| PB 0x00000000ffe00000| Untracked 
|1997|0x00000000fff00000, 0x0000000100000000, 0x0000000100000000|100%| O|  |TAMS 0x00000000fff00000| PB 0x00000000fff00000| Untracked 

Card table byte_map: [0x0000020327df0000,0x00000203281e0000] _byte_map_base: 0x00000203279d7000

Marking Bits: (CMBitMap*) 0x0000020310281840
 Bits: [0x00000203281e0000, 0x000002032a118000)

Polling page: 0x000002030e230000

Metaspace:

Usage:
  Non-class:     63.61 MB used.
      Class:      7.57 MB used.
       Both:     71.18 MB used.

Virtual space:
  Non-class space:      128.00 MB reserved,      64.00 MB ( 50%) committed,  2 nodes.
      Class space:        1.00 GB reserved,       7.94 MB ( <1%) committed,  1 nodes.
             Both:        1.12 GB reserved,      71.94 MB (  6%) committed. 

Chunk freelists:
   Non-Class:  15.19 MB
       Class:  8.08 MB
        Both:  23.27 MB

MaxMetaspaceSize: unlimited
CompressedClassSpaceSize: 1.00 GB
Initial GC threshold: 21.00 MB
Current GC threshold: 106.69 MB
CDS: on
 - commit_granule_bytes: 65536.
 - commit_granule_words: 8192.
 - virtual_space_node_default_size: 8388608.
 - enlarge_chunks_in_place: 1.
 - use_allocation_guard: 0.


Internal statistics:

num_allocs_failed_limit: 6.
num_arena_births: 1294.
num_arena_deaths: 0.
num_vsnodes_births: 3.
num_vsnodes_deaths: 0.
num_space_committed: 1149.
num_space_uncommitted: 0.
num_chunks_returned_to_freelist: 6.
num_chunks_taken_from_freelist: 3949.
num_chunk_merges: 6.
num_chunk_splits: 3118.
num_chunks_enlarged: 2527.
num_inconsistent_stats: 0.

CodeHeap 'non-profiled nmethods': size=120000Kb used=7819Kb max_used=7819Kb free=112180Kb
 bounds [0x00000203201a0000, 0x0000020320950000, 0x00000203276d0000]
CodeHeap 'profiled nmethods': size=120000Kb used=39160Kb max_used=39160Kb free=80839Kb
 bounds [0x00000203186d0000, 0x000002031ad20000, 0x000002031fc00000]
CodeHeap 'non-nmethods': size=5760Kb used=2003Kb max_used=2038Kb free=3756Kb
 bounds [0x000002031fc00000, 0x000002031fe70000, 0x00000203201a0000]
 total_blobs=13058 nmethods=12285 adapters=674
 compilation: enabled
              stopped_count=0, restarted_count=0
 full_count=0

Compilation events (20 events):
Event: 12.028 Thread 0x000002032cb53900 nmethod 13985 0x0000020320940990 code [0x0000020320940b20, 0x0000020320940bd0]
Event: 12.028 Thread 0x000002032cb53900 13986       1       org.jetbrains.kotlin.codegen.inline.MaxStackFrameSizeAndLocalsCalculator$ControlFlowEdge::access$1100 (5 bytes)
Event: 12.028 Thread 0x000002032cb53900 nmethod 13986 0x0000020320940c90 code [0x0000020320940e20, 0x0000020320940ed0]
Event: 12.028 Thread 0x000002032cb53900 13977       1       org.jetbrains.kotlin.backend.jvm.codegen.ExpressionCodegen::getMv (5 bytes)
Event: 12.028 Thread 0x000002032cb53900 nmethod 13977 0x0000020320940f90 code [0x0000020320941120, 0x00000203209411e8]
Event: 12.028 Thread 0x000002032cb53900 13987       3       java.util.IdentityHashMap::hash (18 bytes)
Event: 12.028 Thread 0x000002032cb53900 nmethod 13987 0x0000020319765d10 code [0x0000020319765ec0, 0x0000020319765ff8]
Event: 12.028 Thread 0x000002032cb53900 13980       1       org.jetbrains.kotlin.backend.jvm.codegen.ExpressionCodegen::getFrameMap (5 bytes)
Event: 12.028 Thread 0x000002032cb53900 nmethod 13980 0x0000020320941290 code [0x0000020320941420, 0x00000203209414e8]
Event: 12.029 Thread 0x000002032cb53900 13988       3       org.jetbrains.kotlin.codegen.pseudoInsns.PseudoInsnsKt::parsePseudoInsnOrNull (34 bytes)
Event: 12.030 Thread 0x000002032cb53900 nmethod 13988 0x000002031ace8110 code [0x000002031ace8380, 0x000002031ace8c98]
Event: 12.030 Thread 0x000002032cb53900 13989       3       org.jetbrains.kotlin.codegen.pseudoInsns.PseudoInsnsKt::isPseudoInsn (45 bytes)
Event: 12.030 Thread 0x000002032cb53900 nmethod 13989 0x000002031ace8f90 code [0x000002031ace91e0, 0x000002031ace9bc0]
Event: 12.030 Thread 0x000002032cb53900 13990       3       org.jetbrains.kotlin.codegen.inline.InlineCodegenUtilsKt::isBeforeInlineMarker (15 bytes)
Event: 12.031 Thread 0x000002032cb53900 nmethod 13990 0x000002031ace9f10 code [0x000002031acea140, 0x000002031acea708]
Event: 12.033 Thread 0x000002032cb53900 13991       3       java.util.ArrayList::add (65 bytes)
Event: 12.034 Thread 0x000002032cb53900 nmethod 13991 0x000002031acea990 code [0x000002031aceaba0, 0x000002031aceb258]
Event: 12.034 Thread 0x000002032cb53900 13994       3       org.jetbrains.org.objectweb.asm.tree.analysis.Frame::getMaxStackSize (11 bytes)
Event: 12.034 Thread 0x000002032cb53900 nmethod 13994 0x00000203195d4390 code [0x00000203195d4520, 0x00000203195d4638]
Event: 12.034 Thread 0x000002032cb53900 13992       3       org.jetbrains.kotlin.codegen.pseudoInsns.PseudoInsn::isa (20 bytes)

GC Heap History (20 events):
Event: 4.979 GC heap before
{Heap before GC invocations=11 (full 0):
 garbage-first heap   total 81920K, used 68608K [0x0000000083200000, 0x0000000100000000)
  region size 1024K, 32 young (32768K), 5 survivors (5120K)
 Metaspace       used 44609K, committed 45440K, reserved 1114112K
  class space    used 5301K, committed 5696K, reserved 1048576K
}
Event: 4.989 GC heap after
{Heap after GC invocations=12 (full 0):
 garbage-first heap   total 81920K, used 42439K [0x0000000083200000, 0x0000000100000000)
  region size 1024K, 1 young (1024K), 1 survivors (1024K)
 Metaspace       used 44609K, committed 45440K, reserved 1114112K
  class space    used 5301K, committed 5696K, reserved 1048576K
}
Event: 5.604 GC heap before
{Heap before GC invocations=12 (full 0):
 garbage-first heap   total 81920K, used 71111K [0x0000000083200000, 0x0000000100000000)
  region size 1024K, 29 young (29696K), 1 survivors (1024K)
 Metaspace       used 47067K, committed 47808K, reserved 1114112K
  class space    used 5572K, committed 5952K, reserved 1048576K
}
Event: 5.611 GC heap after
{Heap after GC invocations=13 (full 0):
 garbage-first heap   total 81920K, used 46080K [0x0000000083200000, 0x0000000100000000)
  region size 1024K, 4 young (4096K), 4 survivors (4096K)
 Metaspace       used 47067K, committed 47808K, reserved 1114112K
  class space    used 5572K, committed 5952K, reserved 1048576K
}
Event: 6.416 GC heap before
{Heap before GC invocations=14 (full 0):
 garbage-first heap   total 81920K, used 71680K [0x0000000083200000, 0x0000000100000000)
  region size 1024K, 29 young (29696K), 4 survivors (4096K)
 Metaspace       used 48736K, committed 49472K, reserved 1114112K
  class space    used 5696K, committed 6080K, reserved 1048576K
}
Event: 6.427 GC heap after
{Heap after GC invocations=15 (full 0):
 garbage-first heap   total 81920K, used 51701K [0x0000000083200000, 0x0000000100000000)
  region size 1024K, 4 young (4096K), 4 survivors (4096K)
 Metaspace       used 48736K, committed 49472K, reserved 1114112K
  class space    used 5696K, committed 6080K, reserved 1048576K
}
Event: 6.947 GC heap before
{Heap before GC invocations=15 (full 0):
 garbage-first heap   total 81920K, used 71157K [0x0000000083200000, 0x0000000100000000)
  region size 1024K, 24 young (24576K), 4 survivors (4096K)
 Metaspace       used 49560K, committed 50304K, reserved 1114112K
  class space    used 5728K, committed 6080K, reserved 1048576K
}
Event: 6.957 GC heap after
{Heap after GC invocations=16 (full 0):
 garbage-first heap   total 106496K, used 53003K [0x0000000083200000, 0x0000000100000000)
  region size 1024K, 3 young (3072K), 3 survivors (3072K)
 Metaspace       used 49560K, committed 50304K, reserved 1114112K
  class space    used 5728K, committed 6080K, reserved 1048576K
}
Event: 8.274 GC heap before
{Heap before GC invocations=16 (full 0):
 garbage-first heap   total 106496K, used 91915K [0x0000000083200000, 0x0000000100000000)
  region size 1024K, 41 young (41984K), 3 survivors (3072K)
 Metaspace       used 51716K, committed 52416K, reserved 1114112K
  class space    used 5841K, committed 6208K, reserved 1048576K
}
Event: 8.290 GC heap after
{Heap after GC invocations=17 (full 0):
 garbage-first heap   total 106496K, used 57747K [0x0000000083200000, 0x0000000100000000)
  region size 1024K, 6 young (6144K), 6 survivors (6144K)
 Metaspace       used 51716K, committed 52416K, reserved 1114112K
  class space    used 5841K, committed 6208K, reserved 1048576K
}
Event: 9.182 GC heap before
{Heap before GC invocations=18 (full 0):
 garbage-first heap   total 106496K, used 92563K [0x0000000083200000, 0x0000000100000000)
  region size 1024K, 40 young (40960K), 6 survivors (6144K)
 Metaspace       used 54221K, committed 55040K, reserved 1114112K
  class space    used 6067K, committed 6464K, reserved 1048576K
}
Event: 9.193 GC heap after
{Heap after GC invocations=19 (full 0):
 garbage-first heap   total 106496K, used 61169K [0x0000000083200000, 0x0000000100000000)
  region size 1024K, 3 young (3072K), 3 survivors (3072K)
 Metaspace       used 54221K, committed 55040K, reserved 1114112K
  class space    used 6067K, committed 6464K, reserved 1048576K
}
Event: 9.858 GC heap before
{Heap before GC invocations=19 (full 0):
 garbage-first heap   total 106496K, used 94961K [0x0000000083200000, 0x0000000100000000)
  region size 1024K, 36 young (36864K), 3 survivors (3072K)
 Metaspace       used 58776K, committed 59520K, reserved 1114112K
  class space    used 6476K, committed 6848K, reserved 1048576K
}
Event: 9.873 GC heap after
{Heap after GC invocations=20 (full 0):
 garbage-first heap   total 106496K, used 63814K [0x0000000083200000, 0x0000000100000000)
  region size 1024K, 4 young (4096K), 4 survivors (4096K)
 Metaspace       used 58776K, committed 59520K, reserved 1114112K
  class space    used 6476K, committed 6848K, reserved 1048576K
}
Event: 10.554 GC heap before
{Heap before GC invocations=20 (full 0):
 garbage-first heap   total 106496K, used 94534K [0x0000000083200000, 0x0000000100000000)
  region size 1024K, 34 young (34816K), 4 survivors (4096K)
 Metaspace       used 64195K, committed 64960K, reserved 1114112K
  class space    used 6982K, committed 7360K, reserved 1048576K
}
Event: 10.564 GC heap after
{Heap after GC invocations=21 (full 0):
 garbage-first heap   total 106496K, used 67405K [0x0000000083200000, 0x0000000100000000)
  region size 1024K, 4 young (4096K), 4 survivors (4096K)
 Metaspace       used 64195K, committed 64960K, reserved 1114112K
  class space    used 6982K, committed 7360K, reserved 1048576K
}
Event: 11.049 GC heap before
{Heap before GC invocations=22 (full 0):
 garbage-first heap   total 119808K, used 95053K [0x0000000083200000, 0x0000000100000000)
  region size 1024K, 31 young (31744K), 4 survivors (4096K)
 Metaspace       used 68015K, committed 68800K, reserved 1114112K
  class space    used 7394K, committed 7808K, reserved 1048576K
}
Event: 11.059 GC heap after
{Heap after GC invocations=23 (full 0):
 garbage-first heap   total 119808K, used 71168K [0x0000000083200000, 0x0000000100000000)
  region size 1024K, 4 young (4096K), 4 survivors (4096K)
 Metaspace       used 68015K, committed 68800K, reserved 1114112K
  class space    used 7394K, committed 7808K, reserved 1048576K
}
Event: 11.503 GC heap before
{Heap before GC invocations=23 (full 0):
 garbage-first heap   total 119808K, used 105984K [0x0000000083200000, 0x0000000100000000)
  region size 1024K, 38 young (38912K), 4 survivors (4096K)
 Metaspace       used 69385K, committed 70208K, reserved 1114112K
  class space    used 7466K, committed 7872K, reserved 1048576K
}
Event: 11.516 GC heap after
{Heap after GC invocations=24 (full 0):
 garbage-first heap   total 144384K, used 71479K [0x0000000083200000, 0x0000000100000000)
  region size 1024K, 2 young (2048K), 2 survivors (2048K)
 Metaspace       used 69385K, committed 70208K, reserved 1114112K
  class space    used 7466K, committed 7872K, reserved 1048576K
}

Dll operation events (7 events):
Event: 0.010 Loaded shared library C:\Program Files\Java\jdk-21\bin\java.dll
Event: 0.052 Loaded shared library C:\Program Files\Java\jdk-21\bin\jsvml.dll
Event: 0.080 Loaded shared library C:\Program Files\Java\jdk-21\bin\net.dll
Event: 0.083 Loaded shared library C:\Program Files\Java\jdk-21\bin\nio.dll
Event: 0.112 Loaded shared library C:\Program Files\Java\jdk-21\bin\zip.dll
Event: 0.141 Loaded shared library C:\Program Files\Java\jdk-21\bin\jimage.dll
Event: 0.914 Loaded shared library C:\Program Files\Java\jdk-21\bin\verify.dll

Deoptimization events (20 events):
Event: 11.961 Thread 0x000002030e04d780 Uncommon trap: trap_request=0xffffffc6 fr.pc=0x00000203208b9180 relative=0x00000000000037a0
Event: 11.961 Thread 0x000002030e04d780 Uncommon trap: reason=bimorphic_or_optimized_type_check action=maybe_recompile pc=0x00000203208b9180 method=org.jetbrains.kotlin.types.checker.ClassicTypeSystemContext$DefaultImpls.getPrimitiveType(Lorg/jetbrains/kotlin/types/checker/ClassicTypeSystemCont
Event: 11.961 Thread 0x000002030e04d780 DEOPT PACKING pc=0x00000203208b9180 sp=0x0000006ba2bfc110
Event: 11.961 Thread 0x000002030e04d780 DEOPT UNPACKING pc=0x000002031fc57da2 sp=0x0000006ba2bfc018 mode 2
Event: 11.961 Thread 0x000002030e04d780 Uncommon trap: trap_request=0xffffffc6 fr.pc=0x00000203208b9180 relative=0x00000000000037a0
Event: 11.961 Thread 0x000002030e04d780 Uncommon trap: reason=bimorphic_or_optimized_type_check action=maybe_recompile pc=0x00000203208b9180 method=org.jetbrains.kotlin.types.checker.ClassicTypeSystemContext$DefaultImpls.getPrimitiveType(Lorg/jetbrains/kotlin/types/checker/ClassicTypeSystemCont
Event: 11.961 Thread 0x000002030e04d780 DEOPT PACKING pc=0x00000203208b9180 sp=0x0000006ba2bfc050
Event: 11.961 Thread 0x000002030e04d780 DEOPT UNPACKING pc=0x000002031fc57da2 sp=0x0000006ba2bfbf58 mode 2
Event: 11.961 Thread 0x000002030e04d780 Uncommon trap: trap_request=0xffffffc6 fr.pc=0x00000203208b9180 relative=0x00000000000037a0
Event: 11.961 Thread 0x000002030e04d780 Uncommon trap: reason=bimorphic_or_optimized_type_check action=maybe_recompile pc=0x00000203208b9180 method=org.jetbrains.kotlin.types.checker.ClassicTypeSystemContext$DefaultImpls.getPrimitiveType(Lorg/jetbrains/kotlin/types/checker/ClassicTypeSystemCont
Event: 11.961 Thread 0x000002030e04d780 DEOPT PACKING pc=0x00000203208b9180 sp=0x0000006ba2bfc0a0
Event: 11.961 Thread 0x000002030e04d780 DEOPT UNPACKING pc=0x000002031fc57da2 sp=0x0000006ba2bfbfa8 mode 2
Event: 11.988 Thread 0x000002030e04d780 Uncommon trap: trap_request=0xffffffde fr.pc=0x0000020320856e84 relative=0x00000000000002a4
Event: 11.988 Thread 0x000002030e04d780 Uncommon trap: reason=class_check action=maybe_recompile pc=0x0000020320856e84 method=org.jetbrains.kotlin.utils.ThreadLocalDelegate.getValue(Ljava/lang/Object;Lkotlin/reflect/KProperty;)Ljava/lang/Object; @ 42 c2
Event: 11.988 Thread 0x000002030e04d780 DEOPT PACKING pc=0x0000020320856e84 sp=0x0000006ba2bfc460
Event: 11.988 Thread 0x000002030e04d780 DEOPT UNPACKING pc=0x000002031fc57da2 sp=0x0000006ba2bfc3f0 mode 2
Event: 11.999 Thread 0x000002030e04d780 Uncommon trap: trap_request=0xffffff45 fr.pc=0x0000020320742084 relative=0x0000000000000484
Event: 11.999 Thread 0x000002030e04d780 Uncommon trap: reason=unstable_if action=reinterpret pc=0x0000020320742084 method=java.lang.String.valueOf(Ljava/lang/Object;)Ljava/lang/String; @ 1 c2
Event: 11.999 Thread 0x000002030e04d780 DEOPT PACKING pc=0x0000020320742084 sp=0x0000006ba2bfc050
Event: 11.999 Thread 0x000002030e04d780 DEOPT UNPACKING pc=0x000002031fc57da2 sp=0x0000006ba2bfbfb8 mode 2

Classes loaded (20 events):
Event: 6.530 Loading class jdk/internal/math/FloatingDecimal$ASCIIToBinaryConverter done
Event: 6.530 Loading class jdk/internal/math/FloatingDecimal$PreparedASCIIToBinaryBuffer done
Event: 6.530 Loading class jdk/internal/math/FloatingDecimal$ASCIIToBinaryBuffer
Event: 6.531 Loading class jdk/internal/math/FloatingDecimal$ASCIIToBinaryBuffer done
Event: 6.531 Loading class java/security/CodeSigner
Event: 6.531 Loading class java/security/CodeSigner done
Event: 9.092 Loading class java/text/MessageFormat
Event: 9.092 Loading class java/text/MessageFormat done
Event: 9.098 Loading class jdk/internal/reflect/MethodHandleBooleanFieldAccessorImpl
Event: 9.098 Loading class jdk/internal/reflect/MethodHandleBooleanFieldAccessorImpl done
Event: 9.125 Loading class java/text/ChoiceFormat
Event: 9.125 Loading class java/text/ChoiceFormat done
Event: 9.137 Loading class java/lang/invoke/DirectMethodHandle$1
Event: 9.137 Loading class java/lang/invoke/DirectMethodHandle$1 done
Event: 9.145 Loading class java/text/MessageFormat$Field
Event: 9.145 Loading class java/text/MessageFormat$Field done
Event: 11.831 Loading class java/lang/TypeNotPresentException
Event: 11.831 Loading class java/lang/TypeNotPresentException done
Event: 11.950 Loading class java/util/Vector$Itr
Event: 11.950 Loading class java/util/Vector$Itr done

Classes unloaded (0 events):
No events

Classes redefined (0 events):
No events

Internal exceptions (20 events):
Event: 5.077 Thread 0x000002030e04d780 Implicit null exception at 0x00000203203e27e9 to 0x00000203203e2f9e
Event: 5.259 Thread 0x000002030e04d780 Exception <a 'java/lang/NoSuchMethodError'{0x0000000086c59fe0}: 'java.lang.Object java.lang.invoke.DirectMethodHandle$Holder.invokeInterface(java.lang.Object, java.lang.Object, java.lang.Object)'> (0x0000000086c59fe0) 
thrown [s\open\src\hotspot\share\interpreter\linkResolver.cpp, line 773]
Event: 5.259 Thread 0x000002030e04d780 Exception <a 'java/lang/IncompatibleClassChangeError'{0x0000000086c5d688}: Found class java.lang.Object, but interface was expected> (0x0000000086c5d688) 
thrown [s\open\src\hotspot\share\interpreter\linkResolver.cpp, line 840]
Event: 5.377 Thread 0x000002030e04d780 Exception <a 'java/lang/NoSuchMethodError'{0x0000000086859778}: 'int java.lang.invoke.DirectMethodHandle$Holder.invokeStaticInit(java.lang.Object, int)'> (0x0000000086859778) 
thrown [s\open\src\hotspot\share\interpreter\linkResolver.cpp, line 773]
Event: 5.716 Thread 0x000002030e04d780 Implicit null exception at 0x000002032048016a to 0x0000020320480851
Event: 5.866 Thread 0x000002030e04d780 Exception <a 'java/lang/NoSuchMethodError'{0x0000000089199060}: 'java.lang.Object java.lang.invoke.DirectMethodHandle$Holder.invokeStatic(java.lang.Object, int, java.lang.Object)'> (0x0000000089199060) 
thrown [s\open\src\hotspot\share\interpreter\linkResolver.cpp, line 773]
Event: 6.552 Thread 0x000002030e04d780 Exception <a 'java/lang/NoSuchMethodError'{0x00000000894750e8}: 'java.lang.Object java.lang.invoke.DirectMethodHandle$Holder.newInvokeSpecial(java.lang.Object, int, java.lang.Object, java.lang.Object)'> (0x00000000894750e8) 
thrown [s\open\src\hotspot\share\interpreter\linkResolver.cpp, line 773]
Event: 6.553 Thread 0x000002030e04d780 Exception <a 'java/lang/NoSuchMethodError'{0x0000000089479840}: 'java.lang.Object java.lang.invoke.DirectMethodHandle$Holder.invokeSpecial(java.lang.Object, java.lang.Object, int, java.lang.Object, java.lang.Object)'> (0x0000000089479840) 
thrown [s\open\src\hotspot\share\interpreter\linkResolver.cpp, line 773]
Event: 8.868 Thread 0x000002030e04d780 Implicit null exception at 0x0000020320413b9a to 0x0000020320413da4
Event: 9.015 Thread 0x000002030e04d780 Implicit null exception at 0x000002032030668f to 0x00000203203069b0
Event: 9.016 Thread 0x000002030e04d780 Implicit null exception at 0x00000203204a1e87 to 0x00000203204a2170
Event: 9.099 Thread 0x000002030e04d780 Exception <a 'java/lang/NoSuchMethodError'{0x00000000878c4768}: 'int java.lang.invoke.Invokers$Holder.invokeExact_MT(java.lang.Object, java.lang.Object, java.lang.Object)'> (0x00000000878c4768) 
thrown [s\open\src\hotspot\share\interpreter\linkResolver.cpp, line 773]
Event: 9.099 Thread 0x000002030e04d780 Exception <a 'java/lang/NoSuchMethodError'{0x00000000878c8de0}: 'void java.lang.invoke.Invokers$Holder.invokeExact_MT(java.lang.Object, java.lang.Object, java.lang.Object, java.lang.Object)'> (0x00000000878c8de0) 
thrown [s\open\src\hotspot\share\interpreter\linkResolver.cpp, line 773]
Event: 9.106 Thread 0x000002030e04d780 Implicit null exception at 0x00000203206f85e3 to 0x00000203206f8b48
Event: 9.117 Thread 0x000002030e04d780 Exception <a 'java/lang/NoSuchMethodError'{0x00000000877f86d8}: 'java.lang.Object java.lang.invoke.DirectMethodHandle$Holder.invokeStaticInit(java.lang.Object, java.lang.Object, java.lang.Object, java.lang.Object)'> (0x00000000877f86d8) 
thrown [s\open\src\hotspot\share\interpreter\linkResolver.cpp, line 773]
Event: 9.331 Thread 0x000002030e04d780 Exception <a 'java/lang/NoSuchMethodError'{0x0000000088a4c358}: 'java.lang.Object java.lang.invoke.DirectMethodHandle$Holder.newInvokeSpecial(java.lang.Object, java.lang.Object, java.lang.Object, int, int)'> (0x0000000088a4c358) 
thrown [s\open\src\hotspot\share\interpreter\linkResolver.cpp, line 773]
Event: 9.331 Thread 0x000002030e04d780 Exception <a 'java/lang/NoSuchMethodError'{0x0000000088a4fed8}: 'java.lang.Object java.lang.invoke.DirectMethodHandle$Holder.invokeSpecial(java.lang.Object, java.lang.Object, java.lang.Object, java.lang.Object, int, int)'> (0x0000000088a4fed8) 
thrown [s\open\src\hotspot\share\interpreter\linkResolver.cpp, line 773]
Event: 9.358 Thread 0x000002030e04d780 Exception <a 'java/lang/NoSuchMethodError'{0x00000000889773b0}: 'java.lang.Object java.lang.invoke.DirectMethodHandle$Holder.invokeSpecial(java.lang.Object, java.lang.Object, int, int, java.lang.Object, java.lang.Object, java.lang.Object, java.lang.Object, java.lang.Object)'> (0x00000000889773b0) 
thrown [s\open\src\hotspot\share\interpreter\linkResolver.cpp, line 773]
Event: 9.402 Thread 0x000002030e04d780 Implicit null exception at 0x000002032027f9a5 to 0x000002032027fc08
Event: 11.255 Thread 0x000002030e04d780 Implicit null exception at 0x00000203205e5560 to 0x00000203205e57aa

ZGC Phase Switch (0 events):
No events

VM Operations (20 events):
Event: 11.398 Executing VM operation: ICBufferFull
Event: 11.398 Executing VM operation: ICBufferFull done
Event: 11.503 Executing VM operation: G1CollectForAllocation (G1 Evacuation Pause)
Event: 11.516 Executing VM operation: G1CollectForAllocation (G1 Evacuation Pause) done
Event: 11.629 Executing VM operation: ICBufferFull
Event: 11.630 Executing VM operation: ICBufferFull done
Event: 11.721 Executing VM operation: ICBufferFull
Event: 11.721 Executing VM operation: ICBufferFull done
Event: 11.823 Executing VM operation: HandshakeAllThreads (Deoptimize)
Event: 11.823 Executing VM operation: HandshakeAllThreads (Deoptimize) done
Event: 11.835 Executing VM operation: HandshakeAllThreads (Deoptimize)
Event: 11.835 Executing VM operation: HandshakeAllThreads (Deoptimize) done
Event: 11.839 Executing VM operation: HandshakeAllThreads (Deoptimize)
Event: 11.839 Executing VM operation: HandshakeAllThreads (Deoptimize) done
Event: 11.841 Executing VM operation: HandshakeAllThreads (Deoptimize)
Event: 11.842 Executing VM operation: HandshakeAllThreads (Deoptimize) done
Event: 11.860 Executing VM operation: HandshakeAllThreads (Deoptimize)
Event: 11.860 Executing VM operation: HandshakeAllThreads (Deoptimize) done
Event: 12.033 Executing VM operation: HandshakeAllThreads (Deoptimize)
Event: 12.033 Executing VM operation: HandshakeAllThreads (Deoptimize) done

Events (20 events):
Event: 10.644 Thread 0x000002032cb21260 flushing nmethod 0x00000203196a7390
Event: 10.644 Thread 0x000002032cb21260 flushing nmethod 0x00000203196a7e90
Event: 10.644 Thread 0x000002032cb21260 flushing nmethod 0x00000203196f8b90
Event: 10.644 Thread 0x000002032cb21260 flushing nmethod 0x0000020319705390
Event: 10.644 Thread 0x000002032cb21260 flushing nmethod 0x0000020319722810
Event: 10.644 Thread 0x000002032cb21260 flushing nmethod 0x0000020319740790
Event: 10.644 Thread 0x000002032cb21260 flushing nmethod 0x000002031976e710
Event: 10.644 Thread 0x000002032cb21260 flushing nmethod 0x000002031978af90
Event: 10.644 Thread 0x000002032cb21260 flushing nmethod 0x0000020319816190
Event: 10.644 Thread 0x000002032cb21260 flushing nmethod 0x0000020319833390
Event: 10.644 Thread 0x000002032cb21260 flushing nmethod 0x0000020319857390
Event: 10.644 Thread 0x000002032cb21260 flushing nmethod 0x0000020319876c90
Event: 10.644 Thread 0x000002032cb21260 flushing nmethod 0x00000203198bc490
Event: 10.644 Thread 0x000002032cb21260 flushing nmethod 0x0000020319900010
Event: 10.644 Thread 0x000002032cb21260 flushing nmethod 0x0000020319973490
Event: 10.644 Thread 0x000002032cb21260 flushing nmethod 0x000002031998c890
Event: 10.644 Thread 0x000002032cb21260 flushing nmethod 0x00000203199ca810
Event: 10.644 Thread 0x000002032cb21260 flushing nmethod 0x0000020319bdb990
Event: 10.644 Thread 0x000002032cb21260 flushing nmethod 0x0000020319e82390
Event: 11.925 Thread 0x0000020373cee100 Thread exited: 0x0000020373cee100


Dynamic libraries:
0x00007ff62f4b0000 - 0x00007ff62f4c0000 	C:\Program Files\Java\jdk-21\bin\java.exe
0x00007ffcfc150000 - 0x00007ffcfc368000 	C:\WINDOWS\SYSTEM32\ntdll.dll
0x00007ffcfb060000 - 0x00007ffcfb124000 	C:\WINDOWS\System32\KERNEL32.DLL
0x00007ffcf9a10000 - 0x00007ffcf9de3000 	C:\WINDOWS\System32\KERNELBASE.dll
0x00007ffcf9830000 - 0x00007ffcf9941000 	C:\WINDOWS\System32\ucrtbase.dll
0x00007ffcf3ad0000 - 0x00007ffcf3aeb000 	C:\Program Files\Java\jdk-21\bin\VCRUNTIME140.dll
0x00007ffcf4180000 - 0x00007ffcf4199000 	C:\Program Files\Java\jdk-21\bin\jli.dll
0x00007ffcf9fb0000 - 0x00007ffcfa061000 	C:\WINDOWS\System32\ADVAPI32.dll
0x00007ffcfa930000 - 0x00007ffcfa9d7000 	C:\WINDOWS\System32\msvcrt.dll
0x00007ffcfc060000 - 0x00007ffcfc108000 	C:\WINDOWS\System32\sechost.dll
0x00007ffcf9650000 - 0x00007ffcf9678000 	C:\WINDOWS\System32\bcrypt.dll
0x00007ffcfae60000 - 0x00007ffcfaf78000 	C:\WINDOWS\System32\RPCRT4.dll
0x00007ffcfa2c0000 - 0x00007ffcfa472000 	C:\WINDOWS\System32\USER32.dll
0x00007ffcf9390000 - 0x00007ffcf93b6000 	C:\WINDOWS\System32\win32u.dll
0x00007ffce4470000 - 0x00007ffce470c000 	C:\WINDOWS\WinSxS\amd64_microsoft.windows.common-controls_6595b64144ccf1df_6.0.22621.6060_none_2712eda17382d24b\COMCTL32.dll
0x00007ffcfa180000 - 0x00007ffcfa1a9000 	C:\WINDOWS\System32\GDI32.dll
0x00007ffcf9680000 - 0x00007ffcf97a3000 	C:\WINDOWS\System32\gdi32full.dll
0x00007ffcf9440000 - 0x00007ffcf94da000 	C:\WINDOWS\System32\msvcp_win.dll
0x00007ffcf1400000 - 0x00007ffcf140a000 	C:\WINDOWS\SYSTEM32\VERSION.dll
0x00007ffcfbee0000 - 0x00007ffcfbf11000 	C:\WINDOWS\System32\IMM32.DLL
0x00007ffcf4210000 - 0x00007ffcf421c000 	C:\Program Files\Java\jdk-21\bin\vcruntime140_1.dll
0x00007ffcc9350000 - 0x00007ffcc93de000 	C:\Program Files\Java\jdk-21\bin\msvcp140.dll
0x00007ffc57850000 - 0x00007ffc5856d000 	C:\Program Files\Java\jdk-21\bin\server\jvm.dll
0x00007ffcfa240000 - 0x00007ffcfa2b1000 	C:\WINDOWS\System32\WS2_32.dll
0x00007ffcf8700000 - 0x00007ffcf874d000 	C:\WINDOWS\SYSTEM32\POWRPROF.dll
0x00007ffcf3ee0000 - 0x00007ffcf3f14000 	C:\WINDOWS\SYSTEM32\WINMM.dll
0x00007ffcf86c0000 - 0x00007ffcf86d3000 	C:\WINDOWS\SYSTEM32\UMPDC.dll
0x00007ffcf8290000 - 0x00007ffcf82a8000 	C:\WINDOWS\SYSTEM32\kernel.appcore.dll
0x00007ffcf41c0000 - 0x00007ffcf41ca000 	C:\Program Files\Java\jdk-21\bin\jimage.dll
0x00007ffcf6580000 - 0x00007ffcf67b3000 	C:\WINDOWS\SYSTEM32\DBGHELP.DLL
0x00007ffcfa590000 - 0x00007ffcfa922000 	C:\WINDOWS\System32\combase.dll
0x00007ffcfaf80000 - 0x00007ffcfb058000 	C:\WINDOWS\System32\OLEAUT32.dll
0x00007ffcd0410000 - 0x00007ffcd0442000 	C:\WINDOWS\SYSTEM32\dbgcore.DLL
0x00007ffcf97b0000 - 0x00007ffcf982b000 	C:\WINDOWS\System32\bcryptPrimitives.dll
0x00007ffcf1be0000 - 0x00007ffcf1bff000 	C:\Program Files\Java\jdk-21\bin\java.dll
0x00007ffcfb2a0000 - 0x00007ffcfbb3e000 	C:\WINDOWS\System32\SHELL32.dll
0x00007ffcf9250000 - 0x00007ffcf938f000 	C:\WINDOWS\System32\wintypes.dll
0x00007ffcf7130000 - 0x00007ffcf7a48000 	C:\WINDOWS\SYSTEM32\windows.storage.dll
0x00007ffcfa480000 - 0x00007ffcfa584000 	C:\WINDOWS\System32\SHCORE.dll
0x00007ffcfbff0000 - 0x00007ffcfc059000 	C:\WINDOWS\System32\shlwapi.dll
0x00007ffcf9180000 - 0x00007ffcf91a5000 	C:\WINDOWS\SYSTEM32\profapi.dll
0x00007ffcc8b80000 - 0x00007ffcc8c57000 	C:\Program Files\Java\jdk-21\bin\jsvml.dll
0x00007ffcf4170000 - 0x00007ffcf4180000 	C:\Program Files\Java\jdk-21\bin\net.dll
0x00007ffcf58c0000 - 0x00007ffcf59ec000 	C:\WINDOWS\SYSTEM32\WINHTTP.dll
0x00007ffcf87f0000 - 0x00007ffcf8859000 	C:\WINDOWS\system32\mswsock.dll
0x00007ffcf1bc0000 - 0x00007ffcf1bd6000 	C:\Program Files\Java\jdk-21\bin\nio.dll
0x00007ffcf1af0000 - 0x00007ffcf1b08000 	C:\Program Files\Java\jdk-21\bin\zip.dll
0x00007ffcf3f70000 - 0x00007ffcf3f80000 	C:\Program Files\Java\jdk-21\bin\verify.dll

dbghelp: loaded successfully - version: 4.0.5 - missing functions: none
symbol engine: initialized successfully - sym options: 0x614 - pdb path: .;C:\Program Files\Java\jdk-21\bin;C:\WINDOWS\SYSTEM32;C:\WINDOWS\WinSxS\amd64_microsoft.windows.common-controls_6595b64144ccf1df_6.0.22621.6060_none_2712eda17382d24b;C:\Program Files\Java\jdk-21\bin\server

VM Arguments:
java_command: org.jetbrains.kotlin.cli.jvm.K2JVMCompiler @C:\mobilki\app\build\20251129_3975427934241844418.compiler.options
java_class_path (initial): C:\Users\Vctor\.gradle\caches\modules-2\files-2.1\org.jetbrains.kotlin\kotlin-compiler-embeddable\1.9.22\9cd4dc7773cf2a99ecd961a88fbbc9a2da3fb5e1\kotlin-compiler-embeddable-1.9.22.jar;C:\Users\Vctor\.gradle\caches\modules-2\files-2.1\org.jetbrains.kotlin\kotlin-stdlib\1.9.22\d6c44cd08d8f3f9bece8101216dbe6553365c6e3\kotlin-stdlib-1.9.22.jar;C:\Users\Vctor\.gradle\caches\modules-2\files-2.1\org.jetbrains.kotlin\kotlin-script-runtime\1.9.22\f8139a46fc677ec9badc49ae954392f4f5e7e7c7\kotlin-script-runtime-1.9.22.jar;C:\Users\Vctor\.gradle\caches\modules-2\files-2.1\org.jetbrains.kotlin\kotlin-reflect\1.6.10\1cbe9c92c12a94eea200d23c2bbaedaf3daf5132\kotlin-reflect-1.6.10.jar;C:\Users\Vctor\.gradle\caches\modules-2\files-2.1\org.jetbrains.kotlin\kotlin-daemon-embeddable\1.9.22\20e2c5df715f3240c765cfc222530e2796542021\kotlin-daemon-embeddable-1.9.22.jar;C:\Users\Vctor\.gradle\caches\modules-2\files-2.1\org.jetbrains.intellij.deps\trove4j\1.0.20200330\3afb14d5f9ceb459d724e907a21145e8ff394f02\trove4j-1.0.20200330.jar;C:\Users\Vctor\.gradle\caches\modules-2\files-2.1\org.jetbrains\annotations\13.0\919f0dfe192fb4e063e7dacadee7f8bb9a2672a9\annotations-13.0.jar
Launcher Type: SUN_STANDARD

[Global flags]
     intx CICompilerCount                          = 4                                         {product} {ergonomic}
     uint ConcGCThreads                            = 2                                         {product} {ergonomic}
     uint G1ConcRefinementThreads                  = 8                                         {product} {ergonomic}
   size_t G1HeapRegionSize                         = 1048576                                   {product} {ergonomic}
    uintx GCDrainStackTargetSize                   = 64                                        {product} {ergonomic}
   size_t InitialHeapSize                          = 132120576                                 {product} {ergonomic}
   size_t MarkStackSize                            = 4194304                                   {product} {ergonomic}
   size_t MaxHeapSize                              = 2095054848                                {product} {ergonomic}
   size_t MaxNewSize                               = 1256194048                                {product} {ergonomic}
   size_t MinHeapDeltaBytes                        = 1048576                                   {product} {ergonomic}
   size_t MinHeapSize                              = 8388608                                   {product} {ergonomic}
    uintx NonNMethodCodeHeapSize                   = 5839372                                {pd product} {ergonomic}
    uintx NonProfiledCodeHeapSize                  = 122909434                              {pd product} {ergonomic}
    uintx ProfiledCodeHeapSize                     = 122909434                              {pd product} {ergonomic}
    uintx ReservedCodeCacheSize                    = 251658240                              {pd product} {ergonomic}
     bool SegmentedCodeCache                       = true                                      {product} {ergonomic}
   size_t SoftMaxHeapSize                          = 2095054848                             {manageable} {ergonomic}
     bool UseCompressedOops                        = true                           {product lp64_product} {ergonomic}
     bool UseG1GC                                  = true                                      {product} {ergonomic}
     bool UseLargePagesIndividualAllocation        = false                                  {pd product} {ergonomic}

Logging:
Log output configuration:
 #0: stdout all=warning uptime,level,tags foldmultilines=false
 #1: stderr all=off uptime,level,tags foldmultilines=false

Environment Variables:
CLASSPATH=C:\mobilki\\gradle\wrapper\gradle-wrapper.jar
PATH=C:\Program Files\Common Files\Oracle\Java\javapath;C:\Python312\Scripts\;C:\Python312\;C:\Windows\System32\HWAudioDriverLibs;C:\Windows\system32;C:\Windows;C:\Windows\System32\Wbem;C:\Windows\System32\WindowsPowerShell\v1.0\;C:\Windows\System32\OpenSSH\;C:\Users\Administrator\AppData\Local\Microsoft\WindowsApps;C:\WINDOWS\system32;C:\WINDOWS;C:\WINDOWS\System32\Wbem;C:\WINDOWS\System32\WindowsPowerShell\v1.0\;C:\WINDOWS\System32\OpenSSH\;C:\Program Files\dotnet\;C:\Program Files\Microsoft SQL Server\150\Tools\Binn\;C:\Program Files\Microsoft SQL Server\Client SDK\ODBC\170\Tools\Binn\;C:\Program Files (x86)\Windows Kits\10\Windows Performance Toolkit\;D:\  \Git\cmd;C:\ProgramData\chocolatey\bin;D:\  \nodejs\;D:\  \Microsoft VS Code\bin;C:\MinGW\bin;C:\Users\Vctor\Downloads\wget-1.21.4-win64;D:\  \cursor\resources\app\bin;D:\  \flutter()\flutter\bin;D:\open_server_dly_hh.ru\bin;C:\Users\Vctor\AppData\Local\Programs\Python\Python311\Scripts\;C:\Users\Vctor\AppData\Local\Programs\Python\Python311\;C:\Users\Vctor\AppData\Local\Microsoft\WindowsApps;C:\Users\Vctor\.dotnet\tools;C:\Users\Vctor\OneDrive\ \PyCharm Community Edition 2024.1.2\bin;;C:\Users\Vctor\AppData\Local\Microsoft\WinGet\Packages\Schniz.fnm_Microsoft.Winget.Source_8wekyb3d8bbwe;C:\Users\Vctor\AppData\Roaming\npm;c:\Users\Vctor\.cursor\extensions\ms-python.debugpy-2025.14.1-win32-x64\bundled\scripts\noConfigScripts
USERNAME=Vctor
LANG=en_US.UTF-8
OS=Windows_NT
PROCESSOR_IDENTIFIER=Intel64 Family 6 Model 140 Stepping 1, GenuineIntel
TMP=C:\Users\Vctor\AppData\Local\Temp
TEMP=C:\Users\Vctor\AppData\Local\Temp




Periodic native trim disabled

---------------  S Y S T E M  ---------------

OS:
 Windows 11 , 64 bit Build 22621 (10.0.22621.5415)
OS uptime: 21 days 0:56 hours

CPU: total 8 (initial active 8) (4 cores per cpu, 2 threads per core) family 6 model 140 stepping 1 microcode 0x8a, cx8, cmov, fxsr, ht, mmx, 3dnowpref, sse, sse2, sse3, ssse3, sse4.1, sse4.2, popcnt, lzcnt, tsc, tscinvbit, avx, avx2, aes, erms, clmul, bmi1, bmi2, adx, avx512f, avx512dq, avx512cd, avx512bw, avx512vl, sha, fma, vzeroupper, avx512_vpopcntdq, avx512_vpclmulqdq, avx512_vaes, avx512_vnni, clflush, clflushopt, clwb, avx512_vbmi2, avx512_vbmi, rdtscp, rdpid, fsrm, gfni, avx512_bitalg, f16c, pku, cet_ibt, cet_ss, avx512_ifma
Processor Information for all 8 processors :
  Max Mhz: 2419, Current Mhz: 2419, Mhz Limit: 2419

Memory: 4k page, system-wide physical 7991M (434M free)
TotalPageFile size 23351M (AvailPageFile size 5M)
current process WorkingSet (physical memory assigned to process): 383M, peak: 383M
current process commit charge ("private bytes"): 423M, peak: 424M

vm_info: Java HotSpot(TM) 64-Bit Server VM (21.0.9+7-LTS-338) for windows-amd64 JRE (21.0.9+7-LTS-338), built on 2025-09-26T06:33:49Z by "mach5run" with MS VC++ 17.6 (VS2022)

END.
