#
# There is insufficient memory for the Java Runtime Environment to continue.
# Native memory allocation (malloc) failed to allocate 1218896 bytes. Error detail: Chunk::new
# Possible reasons:
#   The system is out of physical RAM or swap space
#   This process is running with CompressedOops enabled, and the Java Heap may be blocking the growth of the native heap
# Possible solutions:
#   Reduce memory load on the system
#   Increase physical memory or swap space
#   Check if swap backing store is full
#   Decrease Java heap size (-Xmx/-Xms)
#   Decrease number of Java threads
#   Decrease Java thread stack sizes (-Xss)
#   Set larger code cache with -XX:ReservedCodeCacheSize=
#   JVM is running with Unscaled Compressed Oops mode in which the Java heap is
#     placed in the first 4GB address space. The Java Heap base address is the
#     maximum limit for the native heap growth. Please use -XX:HeapBaseMinAddress
#     to set the Java Heap base and to place the Java Heap above 4GB virtual address.
# This output file may be truncated or incomplete.
#
#  Out of Memory Error (arena.cpp:168), pid=18244, tid=16680
#
# JRE version: OpenJDK Runtime Environment (21.0.5) (build 21.0.5+-13047016-b750.29)
# Java VM: OpenJDK 64-Bit Server VM (21.0.5+-13047016-b750.29, mixed mode, tiered, compressed oops, compressed class ptrs, g1 gc, windows-amd64)
# No core dump will be written. Minidumps are not enabled by default on client versions of Windows
#

---------------  S U M M A R Y ------------

Command Line: org.jetbrains.kotlin.cli.jvm.K2JVMCompiler @C:\mobilki\app\build\20251104_13205523562544857168.compiler.options

Host: 11th Gen Intel(R) Core(TM) i5-1135G7 @ 2.40GHz, 8 cores, 7G,  Windows 11 , 64 bit Build 22621 (10.0.22621.5415)
Time: Tue Nov  4 12:23:31 2025 RTZ 2 (s 11 , 64 bit Build 22621 (10.0.22621.5415) elapsed time: 3.668653 seconds (0d 0h 0m 3s)

---------------  T H R E A D  ---------------

Current thread (0x000001852905dd50):  JavaThread "C2 CompilerThread0" daemon [_thread_in_native, id=16680, stack(0x0000006fdc600000,0x0000006fdc700000) (1024K)]


Current CompileTask:
C2:3668 4894       4       org.jetbrains.org.objectweb.asm.ClassReader::readMethod (1061 bytes)

Stack: [0x0000006fdc600000,0x0000006fdc700000]
Native frames: (J=compiled Java code, j=interpreted, Vv=VM code, C=native code)
V  [jvm.dll+0x6cfb29]
V  [jvm.dll+0x85df93]
V  [jvm.dll+0x8604ee]
V  [jvm.dll+0x860bd3]
V  [jvm.dll+0x27e6b6]
V  [jvm.dll+0xbff6d]
V  [jvm.dll+0xc04a3]
V  [jvm.dll+0x3b5fc1]
V  [jvm.dll+0x381f97]
V  [jvm.dll+0x38140a]
V  [jvm.dll+0x247c62]
V  [jvm.dll+0x247231]
V  [jvm.dll+0x1c5ee4]
V  [jvm.dll+0x25697c]
V  [jvm.dll+0x254ec6]
V  [jvm.dll+0x3f0ce6]
V  [jvm.dll+0x806368]
V  [jvm.dll+0x6ce3fd]
C  [ucrtbase.dll+0x29333]
C  [KERNEL32.DLL+0x1259d]
C  [ntdll.dll+0x5af78]


---------------  P R O C E S S  ---------------

Threads class SMR info:
_java_thread_list=0x000001852921a9b0, length=13, elements={
0x000001850b63f530, 0x0000018529029020, 0x0000018529072400, 0x000001852904ff30,
0x0000018529052a90, 0x0000018529054570, 0x000001852905cfd0, 0x000001852905dd50,
0x000001852907e3a0, 0x0000018529218870, 0x0000018529218ed0, 0x0000018529226da0,
0x0000018529227440
}

Java Threads: ( => current thread )
  0x000001850b63f530 JavaThread "main"                              [_thread_in_Java, id=4112, stack(0x0000006fdb800000,0x0000006fdb900000) (1024K)]
  0x0000018529029020 JavaThread "Reference Handler"          daemon [_thread_blocked, id=19032, stack(0x0000006fdc000000,0x0000006fdc100000) (1024K)]
  0x0000018529072400 JavaThread "Finalizer"                  daemon [_thread_blocked, id=5564, stack(0x0000006fdc100000,0x0000006fdc200000) (1024K)]
  0x000001852904ff30 JavaThread "Signal Dispatcher"          daemon [_thread_blocked, id=13280, stack(0x0000006fdc200000,0x0000006fdc300000) (1024K)]
  0x0000018529052a90 JavaThread "Attach Listener"            daemon [_thread_blocked, id=18668, stack(0x0000006fdc300000,0x0000006fdc400000) (1024K)]
  0x0000018529054570 JavaThread "Service Thread"             daemon [_thread_blocked, id=7728, stack(0x0000006fdc400000,0x0000006fdc500000) (1024K)]
  0x000001852905cfd0 JavaThread "Monitor Deflation Thread"   daemon [_thread_blocked, id=14084, stack(0x0000006fdc500000,0x0000006fdc600000) (1024K)]
=>0x000001852905dd50 JavaThread "C2 CompilerThread0"         daemon [_thread_in_native, id=16680, stack(0x0000006fdc600000,0x0000006fdc700000) (1024K)]
  0x000001852907e3a0 JavaThread "C1 CompilerThread0"         daemon [_thread_in_native, id=18684, stack(0x0000006fdc700000,0x0000006fdc800000) (1024K)]
  0x0000018529218870 JavaThread "Notification Thread"        daemon [_thread_blocked, id=18956, stack(0x0000006fdc800000,0x0000006fdc900000) (1024K)]
  0x0000018529218ed0 JavaThread "Common-Cleaner"             daemon [_thread_blocked, id=14552, stack(0x0000006fdc900000,0x0000006fdca00000) (1024K)]
  0x0000018529226da0 JavaThread "C2 CompilerThread1"         daemon [_thread_in_vm, id=13516, stack(0x0000006fdca00000,0x0000006fdcb00000) (1024K)]
  0x0000018529227440 JavaThread "C2 CompilerThread2"         daemon [_thread_in_native, id=16496, stack(0x0000006fdcb00000,0x0000006fdcc00000) (1024K)]
Total: 13

Other Threads:
  0x0000018524d03490 VMThread "VM Thread"                           [id=14996, stack(0x0000006fdbf00000,0x0000006fdc000000) (1024K)]
  0x0000018524c9e050 WatcherThread "VM Periodic Task Thread"        [id=2532, stack(0x0000006fdbe00000,0x0000006fdbf00000) (1024K)]
  0x000001850b7af150 WorkerThread "GC Thread#0"                     [id=19216, stack(0x0000006fdb900000,0x0000006fdba00000) (1024K)]
  0x00000185299391b0 WorkerThread "GC Thread#1"                     [id=18636, stack(0x0000006fdcc00000,0x0000006fdcd00000) (1024K)]
  0x0000018529939550 WorkerThread "GC Thread#2"                     [id=17576, stack(0x0000006fdcd00000,0x0000006fdce00000) (1024K)]
  0x00000185298b4360 WorkerThread "GC Thread#3"                     [id=19048, stack(0x0000006fdce00000,0x0000006fdcf00000) (1024K)]
  0x00000185298b4700 WorkerThread "GC Thread#4"                     [id=8480, stack(0x0000006fdcf00000,0x0000006fdd000000) (1024K)]
  0x00000185298b4aa0 WorkerThread "GC Thread#5"                     [id=19352, stack(0x0000006fdd000000,0x0000006fdd100000) (1024K)]
  0x0000018529c7d290 WorkerThread "GC Thread#6"                     [id=18108, stack(0x0000006fdd100000,0x0000006fdd200000) (1024K)]
  0x0000018529c7cef0 WorkerThread "GC Thread#7"                     [id=17496, stack(0x0000006fdd200000,0x0000006fdd300000) (1024K)]
  0x000001850b7c0300 ConcurrentGCThread "G1 Main Marker"            [id=2080, stack(0x0000006fdba00000,0x0000006fdbb00000) (1024K)]
  0x000001850b7c0f70 WorkerThread "G1 Conc#0"                       [id=6780, stack(0x0000006fdbb00000,0x0000006fdbc00000) (1024K)]
  0x0000018529c7dd70 WorkerThread "G1 Conc#1"                       [id=8304, stack(0x0000006fdd300000,0x0000006fdd400000) (1024K)]
  0x0000018524b70550 ConcurrentGCThread "G1 Refine#0"               [id=11012, stack(0x0000006fdbc00000,0x0000006fdbd00000) (1024K)]
  0x0000018524b70cd0 ConcurrentGCThread "G1 Service"                [id=3608, stack(0x0000006fdbd00000,0x0000006fdbe00000) (1024K)]
Total: 15

Threads with active compile tasks:
C2 CompilerThread0  3681 4894       4       org.jetbrains.org.objectweb.asm.ClassReader::readMethod (1061 bytes)
C1 CompilerThread0  3681 5079       3       org.jetbrains.kotlin.resolve.lazy.descriptors.LazyClassMemberScope::generateDataClassMethods (533 bytes)
C2 CompilerThread1  3681 5087       4       org.jetbrains.kotlin.descriptors.impl.FunctionDescriptorImpl::<init> (160 bytes)
C2 CompilerThread2  3682 5086       4       java.util.Arrays$ArrayList::indexOf (62 bytes)
Total: 4

VM state: not at safepoint (normal execution)

VM Mutex/Monitor currently owned by a thread: None

Heap address: 0x0000000083200000, size: 1998 MB, Compressed Oops mode: 32-bit

CDS archive(s) not mapped
Compressed class space mapped at: 0x0000000100000000-0x0000000140000000, reserved size: 1073741824
Narrow klass base: 0x0000000000000000, Narrow klass shift: 3, Narrow klass range: 0x140000000

GC Precious Log:
 CardTable entry size: 512
 Card Set container configuration: InlinePtr #cards 5 size 8 Array Of Cards #cards 12 size 40 Howl #buckets 4 coarsen threshold 1843 Howl Bitmap #cards 512 size 80 coarsen threshold 460 Card regions per heap region 1 cards per card region 2048
 CPUs: 8 total, 8 available
 Memory: 7991M
 Large Page Support: Disabled
 NUMA Support: Disabled
 Compressed Oops: Enabled (32-bit)
 Heap Region Size: 1M
 Heap Min Capacity: 8M
 Heap Initial Capacity: 126M
 Heap Max Capacity: 1998M
 Pre-touch: Disabled
 Parallel Workers: 8
 Concurrent Workers: 2
 Concurrent Refinement Workers: 8
 Periodic GC: Disabled

Heap:
 garbage-first heap   total 54272K, used 42569K [0x0000000083200000, 0x0000000100000000)
  region size 1024K, 12 young (12288K), 3 survivors (3072K)
 Metaspace       used 48243K, committed 48960K, reserved 1114112K
  class space    used 5623K, committed 5952K, reserved 1048576K

Heap Regions: E=young(eden), S=young(survivor), O=old, HS=humongous(starts), HC=humongous(continues), CS=collection set, F=free, TAMS=top-at-mark-start, PB=parsable bottom
|   0|0x0000000083200000, 0x0000000083300000, 0x0000000083300000|100%|HS|  |TAMS 0x0000000083200000| PB 0x0000000083200000| Complete 
|   1|0x0000000083300000, 0x0000000083400000, 0x0000000083400000|100%|HC|  |TAMS 0x0000000083300000| PB 0x0000000083300000| Complete 
|   2|0x0000000083400000, 0x0000000083500000, 0x0000000083500000|100%|HC|  |TAMS 0x0000000083400000| PB 0x0000000083400000| Complete 
|   3|0x0000000083500000, 0x0000000083600000, 0x0000000083600000|100%|HC|  |TAMS 0x0000000083500000| PB 0x0000000083500000| Complete 
|   4|0x0000000083600000, 0x0000000083700000, 0x0000000083700000|100%| O|  |TAMS 0x0000000083600000| PB 0x0000000083600000| Untracked 
|   5|0x0000000083700000, 0x0000000083800000, 0x0000000083800000|100%| O|  |TAMS 0x0000000083700000| PB 0x0000000083700000| Untracked 
|   6|0x0000000083800000, 0x0000000083900000, 0x0000000083900000|100%| O|  |TAMS 0x0000000083800000| PB 0x0000000083800000| Untracked 
|   7|0x0000000083900000, 0x0000000083a00000, 0x0000000083a00000|100%| O|  |TAMS 0x0000000083900000| PB 0x0000000083900000| Untracked 
|   8|0x0000000083a00000, 0x0000000083b00000, 0x0000000083b00000|100%| O|  |TAMS 0x0000000083a00000| PB 0x0000000083a00000| Untracked 
|   9|0x0000000083b00000, 0x0000000083c00000, 0x0000000083c00000|100%| O|  |TAMS 0x0000000083b00000| PB 0x0000000083b00000| Untracked 
|  10|0x0000000083c00000, 0x0000000083d00000, 0x0000000083d00000|100%| O|  |TAMS 0x0000000083c00000| PB 0x0000000083c00000| Untracked 
|  11|0x0000000083d00000, 0x0000000083e00000, 0x0000000083e00000|100%| O|  |TAMS 0x0000000083d00000| PB 0x0000000083d00000| Untracked 
|  12|0x0000000083e00000, 0x0000000083f00000, 0x0000000083f00000|100%| O|  |TAMS 0x0000000083e00000| PB 0x0000000083e00000| Untracked 
|  13|0x0000000083f00000, 0x0000000084000000, 0x0000000084000000|100%| O|  |TAMS 0x0000000083f00000| PB 0x0000000083f00000| Untracked 
|  14|0x0000000084000000, 0x0000000084100000, 0x0000000084100000|100%| O|  |TAMS 0x0000000084000000| PB 0x0000000084000000| Untracked 
|  15|0x0000000084100000, 0x0000000084200000, 0x0000000084200000|100%| O|  |TAMS 0x0000000084100000| PB 0x0000000084100000| Untracked 
|  16|0x0000000084200000, 0x0000000084300000, 0x0000000084300000|100%| O|  |TAMS 0x0000000084200000| PB 0x0000000084200000| Untracked 
|  17|0x0000000084300000, 0x0000000084400000, 0x0000000084400000|100%| O|  |TAMS 0x0000000084300000| PB 0x0000000084300000| Untracked 
|  18|0x0000000084400000, 0x0000000084500000, 0x0000000084500000|100%| O|  |TAMS 0x0000000084400000| PB 0x0000000084400000| Untracked 
|  19|0x0000000084500000, 0x0000000084600000, 0x0000000084600000|100%|HS|  |TAMS 0x0000000084500000| PB 0x0000000084500000| Complete 
|  20|0x0000000084600000, 0x0000000084700000, 0x0000000084700000|100%|HC|  |TAMS 0x0000000084600000| PB 0x0000000084600000| Complete 
|  21|0x0000000084700000, 0x0000000084800000, 0x0000000084800000|100%| O|Cm|TAMS 0x0000000084700000| PB 0x0000000084700000| Complete 
|  22|0x0000000084800000, 0x0000000084900000, 0x0000000084900000|100%| O|  |TAMS 0x0000000084800000| PB 0x0000000084800000| Untracked 
|  23|0x0000000084900000, 0x0000000084a00000, 0x0000000084a00000|100%| O|  |TAMS 0x0000000084900000| PB 0x0000000084900000| Untracked 
|  24|0x0000000084a00000, 0x0000000084b00000, 0x0000000084b00000|100%| O|  |TAMS 0x0000000084a00000| PB 0x0000000084a00000| Untracked 
|  25|0x0000000084b00000, 0x0000000084c00000, 0x0000000084c00000|100%| O|  |TAMS 0x0000000084b00000| PB 0x0000000084b00000| Untracked 
|  26|0x0000000084c00000, 0x0000000084d00000, 0x0000000084d00000|100%| O|  |TAMS 0x0000000084c00000| PB 0x0000000084c00000| Untracked 
|  27|0x0000000084d00000, 0x0000000084e00000, 0x0000000084e00000|100%| O|  |TAMS 0x0000000084d00000| PB 0x0000000084d00000| Untracked 
|  28|0x0000000084e00000, 0x0000000084e00000, 0x0000000084f00000|  0%| F|  |TAMS 0x0000000084e00000| PB 0x0000000084e00000| Untracked 
|  29|0x0000000084f00000, 0x0000000084f00000, 0x0000000085000000|  0%| F|  |TAMS 0x0000000084f00000| PB 0x0000000084f00000| Untracked 
|  30|0x0000000085000000, 0x0000000085000000, 0x0000000085100000|  0%| F|  |TAMS 0x0000000085000000| PB 0x0000000085000000| Untracked 
|  31|0x0000000085100000, 0x0000000085200000, 0x0000000085200000|100%| O|  |TAMS 0x0000000085100000| PB 0x0000000085100000| Untracked 
|  32|0x0000000085200000, 0x0000000085292490, 0x0000000085300000| 57%| O|  |TAMS 0x0000000085200000| PB 0x0000000085200000| Untracked 
|  33|0x0000000085300000, 0x0000000085300000, 0x0000000085400000|  0%| F|  |TAMS 0x0000000085300000| PB 0x0000000085300000| Untracked 
|  34|0x0000000085400000, 0x0000000085500000, 0x0000000085500000|100%| S|CS|TAMS 0x0000000085400000| PB 0x0000000085400000| Complete 
|  35|0x0000000085500000, 0x0000000085600000, 0x0000000085600000|100%| S|CS|TAMS 0x0000000085500000| PB 0x0000000085500000| Complete 
|  36|0x0000000085600000, 0x0000000085700000, 0x0000000085700000|100%| S|CS|TAMS 0x0000000085600000| PB 0x0000000085600000| Complete 
|  37|0x0000000085700000, 0x0000000085700000, 0x0000000085800000|  0%| F|  |TAMS 0x0000000085700000| PB 0x0000000085700000| Untracked 
|  38|0x0000000085800000, 0x0000000085800000, 0x0000000085900000|  0%| F|  |TAMS 0x0000000085800000| PB 0x0000000085800000| Untracked 
|  39|0x0000000085900000, 0x0000000085900000, 0x0000000085a00000|  0%| F|  |TAMS 0x0000000085900000| PB 0x0000000085900000| Untracked 
|  40|0x0000000085a00000, 0x0000000085a00000, 0x0000000085b00000|  0%| F|  |TAMS 0x0000000085a00000| PB 0x0000000085a00000| Untracked 
|  41|0x0000000085b00000, 0x0000000085b00000, 0x0000000085c00000|  0%| F|  |TAMS 0x0000000085b00000| PB 0x0000000085b00000| Untracked 
|  42|0x0000000085c00000, 0x0000000085c4c4b0, 0x0000000085d00000| 29%| E|  |TAMS 0x0000000085c00000| PB 0x0000000085c00000| Complete 
|  43|0x0000000085d00000, 0x0000000085e00000, 0x0000000085e00000|100%| E|CS|TAMS 0x0000000085d00000| PB 0x0000000085d00000| Complete 
|  44|0x0000000085e00000, 0x0000000085f00000, 0x0000000085f00000|100%| E|CS|TAMS 0x0000000085e00000| PB 0x0000000085e00000| Complete 
|  45|0x0000000085f00000, 0x0000000086000000, 0x0000000086000000|100%| E|CS|TAMS 0x0000000085f00000| PB 0x0000000085f00000| Complete 
|  46|0x0000000086000000, 0x0000000086100000, 0x0000000086100000|100%| E|CS|TAMS 0x0000000086000000| PB 0x0000000086000000| Complete 
|  47|0x0000000086100000, 0x0000000086200000, 0x0000000086200000|100%| E|CS|TAMS 0x0000000086100000| PB 0x0000000086100000| Complete 
|  48|0x0000000086200000, 0x0000000086300000, 0x0000000086300000|100%| E|CS|TAMS 0x0000000086200000| PB 0x0000000086200000| Complete 
|  49|0x0000000086300000, 0x0000000086400000, 0x0000000086400000|100%| E|CS|TAMS 0x0000000086300000| PB 0x0000000086300000| Complete 
| 106|0x0000000089c00000, 0x0000000089d00000, 0x0000000089d00000|100%| E|CS|TAMS 0x0000000089c00000| PB 0x0000000089c00000| Complete 
| 125|0x000000008af00000, 0x000000008b000000, 0x000000008b000000|100%| E|CS|TAMS 0x000000008af00000| PB 0x000000008af00000| Complete 
|1997|0x00000000fff00000, 0x0000000100000000, 0x0000000100000000|100%| O|  |TAMS 0x00000000fff00000| PB 0x00000000fff00000| Untracked 

Card table byte_map: [0x000001851fef0000,0x00000185202e0000] _byte_map_base: 0x000001851fad7000

Marking Bits: (CMBitMap*) 0x000001850b7b0060
 Bits: [0x00000185202e0000, 0x0000018522218000)

Polling page: 0x000001850b820000

Metaspace:

Usage:
  Non-class:     41.62 MB used.
      Class:      5.49 MB used.
       Both:     47.11 MB used.

Virtual space:
  Non-class space:       64.00 MB reserved,      42.00 MB ( 66%) committed,  1 nodes.
      Class space:        1.00 GB reserved,       5.81 MB ( <1%) committed,  1 nodes.
             Both:        1.06 GB reserved,      47.81 MB (  4%) committed. 

Chunk freelists:
   Non-Class:  5.11 MB
       Class:  10.03 MB
        Both:  15.14 MB

MaxMetaspaceSize: unlimited
CompressedClassSpaceSize: 1.00 GB
Initial GC threshold: 21.00 MB
Current GC threshold: 78.88 MB
CDS: off
 - commit_granule_bytes: 65536.
 - commit_granule_words: 8192.
 - virtual_space_node_default_size: 8388608.
 - enlarge_chunks_in_place: 1.
 - use_allocation_guard: 0.


Internal statistics:

num_allocs_failed_limit: 6.
num_arena_births: 1198.
num_arena_deaths: 0.
num_vsnodes_births: 2.
num_vsnodes_deaths: 0.
num_space_committed: 763.
num_space_uncommitted: 0.
num_chunks_returned_to_freelist: 6.
num_chunks_taken_from_freelist: 2777.
num_chunk_merges: 6.
num_chunk_splits: 2065.
num_chunks_enlarged: 1524.
num_inconsistent_stats: 0.

CodeHeap 'non-profiled nmethods': size=120000Kb used=2588Kb max_used=2588Kb free=117411Kb
 bounds [0x0000018517b70000, 0x0000018517e00000, 0x000001851f0a0000]
CodeHeap 'profiled nmethods': size=120000Kb used=11004Kb max_used=11004Kb free=108995Kb
 bounds [0x00000185100a0000, 0x0000018510b60000, 0x00000185175d0000]
CodeHeap 'non-nmethods': size=5760Kb used=1703Kb max_used=1754Kb free=4056Kb
 bounds [0x00000185175d0000, 0x0000018517840000, 0x0000018517b70000]
 total_blobs=5210 nmethods=4601 adapters=512
 compilation: enabled
              stopped_count=0, restarted_count=0
 full_count=0

Compilation events (20 events):
Event: 3.664 Thread 0x000001852907e3a0 5043       3       org.jetbrains.kotlin.com.google.common.collect.AbstractMapBasedMultimap$WrappedCollection::refreshIfEmpty (78 bytes)
Event: 3.664 Thread 0x0000018529227440 5054       4       org.jetbrains.kotlin.types.DisjointKeysUnionTypeSubstitution$Companion::create (44 bytes)
Event: 3.664 Thread 0x000001852907e3a0 nmethod 5043 0x0000018510b41110 code [0x0000018510b41320, 0x0000018510b41a28]
Event: 3.664 Thread 0x000001852907e3a0 5048       3       org.jetbrains.kotlin.psi.psiUtil.KtPsiUtilKt::safeNameForLazyResolve (5 bytes)
Event: 3.665 Thread 0x000001852907e3a0 nmethod 5048 0x0000018510b41c10 code [0x0000018510b41dc0, 0x0000018510b41fa8]
Event: 3.665 Thread 0x000001852907e3a0 5049       3       org.jetbrains.kotlin.com.google.common.collect.AbstractMapBasedMultimap::createCollection (5 bytes)
Event: 3.665 Thread 0x000001852907e3a0 nmethod 5049 0x0000018510b42090 code [0x0000018510b42240, 0x0000018510b42400]
Event: 3.665 Thread 0x000001852907e3a0 5050       3       org.jetbrains.kotlin.com.google.common.collect.ArrayListMultimap::createCollection (5 bytes)
Event: 3.665 Thread 0x000001852907e3a0 nmethod 5050 0x0000018510b42490 code [0x0000018510b42640, 0x0000018510b42840]
Event: 3.665 Thread 0x000001852907e3a0 5051       3       org.jetbrains.kotlin.com.google.common.collect.ArrayListMultimap::createCollection (12 bytes)
Event: 3.665 Thread 0x000001852907e3a0 nmethod 5051 0x0000018510b42910 code [0x0000018510b42ac0, 0x0000018510b42c60]
Event: 3.665 Thread 0x000001852907e3a0 5052       3       org.jetbrains.kotlin.com.google.common.collect.AbstractMapBasedMultimap::get (31 bytes)
Event: 3.665 Thread 0x000001852907e3a0 nmethod 5052 0x0000018510b42d10 code [0x0000018510b42f00, 0x0000018510b43398]
Event: 3.665 Thread 0x000001852907e3a0 5044       3       org.jetbrains.kotlin.types.checker.NewKotlinTypeCheckerImpl::<init> (44 bytes)
Event: 3.665 Thread 0x000001852907e3a0 nmethod 5044 0x0000018510b43490 code [0x0000018510b43760, 0x0000018510b44358]
Event: 3.665 Thread 0x000001852907e3a0 5039       3       org.jetbrains.kotlin.resolve.lazy.descriptors.AbstractLazyMemberScope$functionDescriptors$1::invoke (15 bytes)
Event: 3.666 Thread 0x0000018529227440 nmethod 5054 0x0000018517df4a10 code [0x0000018517df4bc0, 0x0000018517df4dc8]
Event: 3.666 Thread 0x000001852907e3a0 nmethod 5039 0x0000018510b44790 code [0x0000018510b449c0, 0x0000018510b44ff0]
Event: 3.666 Thread 0x000001852907e3a0 5061       3       org.jetbrains.kotlin.resolve.lazy.descriptors.AbstractLazyMemberScope::getDeclaredFunctions (266 bytes)
Event: 3.667 Thread 0x0000018529226da0 nmethod 5025 0x0000018517df5010 code [0x0000018517df51c0, 0x0000018517df5b38]

GC Heap History (20 events):
Event: 1.224 GC heap before
{Heap before GC invocations=5 (full 0):
 garbage-first heap   total 33792K, used 26948K [0x0000000083200000, 0x0000000100000000)
  region size 1024K, 13 young (13312K), 1 survivors (1024K)
 Metaspace       used 29432K, committed 29632K, reserved 1114112K
  class space    used 3624K, committed 3712K, reserved 1048576K
}
Event: 1.227 GC heap after
{Heap after GC invocations=6 (full 0):
 garbage-first heap   total 33792K, used 14226K [0x0000000083200000, 0x0000000100000000)
  region size 1024K, 2 young (2048K), 2 survivors (2048K)
 Metaspace       used 29432K, committed 29632K, reserved 1114112K
  class space    used 3624K, committed 3712K, reserved 1048576K
}
Event: 1.413 GC heap before
{Heap before GC invocations=6 (full 0):
 garbage-first heap   total 33792K, used 26514K [0x0000000083200000, 0x0000000100000000)
  region size 1024K, 15 young (15360K), 2 survivors (2048K)
 Metaspace       used 32258K, committed 32384K, reserved 1114112K
  class space    used 3916K, committed 3968K, reserved 1048576K
}
Event: 1.418 GC heap after
{Heap after GC invocations=7 (full 0):
 garbage-first heap   total 44032K, used 16100K [0x0000000083200000, 0x0000000100000000)
  region size 1024K, 2 young (2048K), 2 survivors (2048K)
 Metaspace       used 32258K, committed 32384K, reserved 1114112K
  class space    used 3916K, committed 3968K, reserved 1048576K
}
Event: 1.616 GC heap before
{Heap before GC invocations=7 (full 0):
 garbage-first heap   total 44032K, used 31460K [0x0000000083200000, 0x0000000100000000)
  region size 1024K, 19 young (19456K), 2 survivors (2048K)
 Metaspace       used 35674K, committed 35968K, reserved 1114112K
  class space    used 4209K, committed 4352K, reserved 1048576K
}
Event: 1.623 GC heap after
{Heap after GC invocations=8 (full 0):
 garbage-first heap   total 44032K, used 18581K [0x0000000083200000, 0x0000000100000000)
  region size 1024K, 3 young (3072K), 3 survivors (3072K)
 Metaspace       used 35674K, committed 35968K, reserved 1114112K
  class space    used 4209K, committed 4352K, reserved 1048576K
}
Event: 1.844 GC heap before
{Heap before GC invocations=9 (full 0):
 garbage-first heap   total 44032K, used 34965K [0x0000000083200000, 0x0000000100000000)
  region size 1024K, 19 young (19456K), 3 survivors (3072K)
 Metaspace       used 37964K, committed 38656K, reserved 1114112K
  class space    used 4579K, committed 4928K, reserved 1048576K
}
Event: 1.847 GC heap after
{Heap after GC invocations=10 (full 0):
 garbage-first heap   total 44032K, used 19314K [0x0000000083200000, 0x0000000100000000)
  region size 1024K, 2 young (2048K), 2 survivors (2048K)
 Metaspace       used 37964K, committed 38656K, reserved 1114112K
  class space    used 4579K, committed 4928K, reserved 1048576K
}
Event: 2.163 GC heap before
{Heap before GC invocations=10 (full 0):
 garbage-first heap   total 44032K, used 34674K [0x0000000083200000, 0x0000000100000000)
  region size 1024K, 18 young (18432K), 2 survivors (2048K)
 Metaspace       used 42820K, committed 43520K, reserved 1114112K
  class space    used 5184K, committed 5504K, reserved 1048576K
}
Event: 2.167 GC heap after
{Heap after GC invocations=11 (full 0):
 garbage-first heap   total 44032K, used 20037K [0x0000000083200000, 0x0000000100000000)
  region size 1024K, 3 young (3072K), 3 survivors (3072K)
 Metaspace       used 42820K, committed 43520K, reserved 1114112K
  class space    used 5184K, committed 5504K, reserved 1048576K
}
Event: 2.358 GC heap before
{Heap before GC invocations=11 (full 0):
 garbage-first heap   total 44032K, used 36421K [0x0000000083200000, 0x0000000100000000)
  region size 1024K, 19 young (19456K), 3 survivors (3072K)
 Metaspace       used 44286K, committed 44928K, reserved 1114112K
  class space    used 5315K, committed 5632K, reserved 1048576K
}
Event: 2.366 GC heap after
{Heap after GC invocations=12 (full 0):
 garbage-first heap   total 45056K, used 25600K [0x0000000083200000, 0x0000000100000000)
  region size 1024K, 3 young (3072K), 3 survivors (3072K)
 Metaspace       used 44286K, committed 44928K, reserved 1114112K
  class space    used 5315K, committed 5632K, reserved 1048576K
}
Event: 2.452 GC heap before
{Heap before GC invocations=13 (full 0):
 garbage-first heap   total 45056K, used 38912K [0x0000000083200000, 0x0000000100000000)
  region size 1024K, 16 young (16384K), 3 survivors (3072K)
 Metaspace       used 44340K, committed 45056K, reserved 1114112K
  class space    used 5315K, committed 5632K, reserved 1048576K
}
Event: 2.458 GC heap after
{Heap after GC invocations=14 (full 0):
 garbage-first heap   total 54272K, used 26925K [0x0000000083200000, 0x0000000100000000)
  region size 1024K, 2 young (2048K), 2 survivors (2048K)
 Metaspace       used 44340K, committed 45056K, reserved 1114112K
  class space    used 5315K, committed 5632K, reserved 1048576K
}
Event: 2.763 GC heap before
{Heap before GC invocations=14 (full 0):
 garbage-first heap   total 54272K, used 44333K [0x0000000083200000, 0x0000000100000000)
  region size 1024K, 20 young (20480K), 2 survivors (2048K)
 Metaspace       used 46266K, committed 46976K, reserved 1114112K
  class space    used 5534K, committed 5888K, reserved 1048576K
}
Event: 2.768 GC heap after
{Heap after GC invocations=15 (full 0):
 garbage-first heap   total 54272K, used 27653K [0x0000000083200000, 0x0000000100000000)
  region size 1024K, 3 young (3072K), 3 survivors (3072K)
 Metaspace       used 46266K, committed 46976K, reserved 1114112K
  class space    used 5534K, committed 5888K, reserved 1048576K
}
Event: 3.260 GC heap before
{Heap before GC invocations=15 (full 0):
 garbage-first heap   total 54272K, used 46085K [0x0000000083200000, 0x0000000100000000)
  region size 1024K, 21 young (21504K), 3 survivors (3072K)
 Metaspace       used 47661K, committed 48384K, reserved 1114112K
  class space    used 5594K, committed 5952K, reserved 1048576K
}
Event: 3.269 GC heap after
{Heap after GC invocations=16 (full 0):
 garbage-first heap   total 54272K, used 30958K [0x0000000083200000, 0x0000000100000000)
  region size 1024K, 3 young (3072K), 3 survivors (3072K)
 Metaspace       used 47661K, committed 48384K, reserved 1114112K
  class space    used 5594K, committed 5952K, reserved 1048576K
}
Event: 3.527 GC heap before
{Heap before GC invocations=17 (full 0):
 garbage-first heap   total 54272K, used 46318K [0x0000000083200000, 0x0000000100000000)
  region size 1024K, 18 young (18432K), 3 survivors (3072K)
 Metaspace       used 47957K, committed 48704K, reserved 1114112K
  class space    used 5594K, committed 5952K, reserved 1048576K
}
Event: 3.541 GC heap after
{Heap after GC invocations=18 (full 0):
 garbage-first heap   total 54272K, used 34377K [0x0000000083200000, 0x0000000100000000)
  region size 1024K, 3 young (3072K), 3 survivors (3072K)
 Metaspace       used 47957K, committed 48704K, reserved 1114112K
  class space    used 5594K, committed 5952K, reserved 1048576K
}

Dll operation events (3 events):
Event: 0.005 Loaded shared library D:\Android Studio\jbr\bin\java.dll
Event: 0.009 Loaded shared library D:\Android Studio\jbr\bin\zip.dll
Event: 0.660 Loaded shared library D:\Android Studio\jbr\bin\verify.dll

Deoptimization events (20 events):
Event: 3.592 Thread 0x000001850b63f530 DEOPT PACKING pc=0x0000018517dda084 sp=0x0000006fdb8fd810
Event: 3.592 Thread 0x000001850b63f530 DEOPT UNPACKING pc=0x0000018517627da2 sp=0x0000006fdb8fd800 mode 2
Event: 3.596 Thread 0x000001850b63f530 Uncommon trap: trap_request=0xffffffc6 fr.pc=0x0000018517dda084 relative=0x0000000000001064
Event: 3.596 Thread 0x000001850b63f530 Uncommon trap: reason=bimorphic_or_optimized_type_check action=maybe_recompile pc=0x0000018517dda084 method=kotlin.collections.CollectionsKt___CollectionsKt.toSet(Ljava/lang/Iterable;)Ljava/util/Set; @ 71 c2
Event: 3.596 Thread 0x000001850b63f530 DEOPT PACKING pc=0x0000018517dda084 sp=0x0000006fdb8fd810
Event: 3.596 Thread 0x000001850b63f530 DEOPT UNPACKING pc=0x0000018517627da2 sp=0x0000006fdb8fd800 mode 2
Event: 3.597 Thread 0x000001850b63f530 Uncommon trap: trap_request=0xffffffc6 fr.pc=0x0000018517dda084 relative=0x0000000000001064
Event: 3.597 Thread 0x000001850b63f530 Uncommon trap: reason=bimorphic_or_optimized_type_check action=maybe_recompile pc=0x0000018517dda084 method=kotlin.collections.CollectionsKt___CollectionsKt.toSet(Ljava/lang/Iterable;)Ljava/util/Set; @ 71 c2
Event: 3.597 Thread 0x000001850b63f530 DEOPT PACKING pc=0x0000018517dda084 sp=0x0000006fdb8fd810
Event: 3.597 Thread 0x000001850b63f530 DEOPT UNPACKING pc=0x0000018517627da2 sp=0x0000006fdb8fd800 mode 2
Event: 3.597 Thread 0x000001850b63f530 Uncommon trap: trap_request=0xffffffc6 fr.pc=0x0000018517dda084 relative=0x0000000000001064
Event: 3.597 Thread 0x000001850b63f530 Uncommon trap: reason=bimorphic_or_optimized_type_check action=maybe_recompile pc=0x0000018517dda084 method=kotlin.collections.CollectionsKt___CollectionsKt.toSet(Ljava/lang/Iterable;)Ljava/util/Set; @ 71 c2
Event: 3.597 Thread 0x000001850b63f530 DEOPT PACKING pc=0x0000018517dda084 sp=0x0000006fdb8fd810
Event: 3.597 Thread 0x000001850b63f530 DEOPT UNPACKING pc=0x0000018517627da2 sp=0x0000006fdb8fd800 mode 2
Event: 3.609 Thread 0x000001850b63f530 Uncommon trap: trap_request=0xffffff76 fr.pc=0x0000018517ddfb90 relative=0x00000000000003d0
Event: 3.609 Thread 0x000001850b63f530 Uncommon trap: reason=predicate action=maybe_recompile pc=0x0000018517ddfb90 method=java.util.ArrayList.indexOfRange(Ljava/lang/Object;II)I @ 45 c2
Event: 3.609 Thread 0x000001850b63f530 DEOPT PACKING pc=0x0000018517ddfb90 sp=0x0000006fdb8fca90
Event: 3.609 Thread 0x000001850b63f530 DEOPT UNPACKING pc=0x0000018517627da2 sp=0x0000006fdb8fca08 mode 2
Event: 3.614 Thread 0x000001850b63f530 DEOPT PACKING pc=0x0000018510adb7fd sp=0x0000006fdb8fbd30
Event: 3.614 Thread 0x000001850b63f530 DEOPT UNPACKING pc=0x00000185176288e2 sp=0x0000006fdb8fb1c0 mode 0

Classes loaded (20 events):
Event: 2.587 Loading class java/util/stream/ReduceOps$AccumulatingSink done
Event: 2.587 Loading class java/util/stream/ReduceOps$Box
Event: 2.587 Loading class java/util/stream/ReduceOps$Box done
Event: 2.587 Loading class java/util/stream/ReduceOps$3ReducingSink done
Event: 2.587 Loading class java/util/stream/ReferencePipeline$2$1
Event: 2.587 Loading class java/util/stream/ReferencePipeline$2$1 done
Event: 2.587 Loading class java/util/stream/IntPipeline$1$1
Event: 2.587 Loading class java/util/stream/Sink$ChainedInt
Event: 2.587 Loading class java/util/stream/Sink$OfInt
Event: 2.587 Loading class java/util/function/IntConsumer
Event: 2.587 Loading class java/util/function/IntConsumer done
Event: 2.587 Loading class java/util/stream/Sink$OfInt done
Event: 2.587 Loading class java/util/stream/Sink$ChainedInt done
Event: 2.587 Loading class java/util/stream/IntPipeline$1$1 done
Event: 2.609 Loading class java/util/function/IntUnaryOperator
Event: 2.609 Loading class java/util/function/IntUnaryOperator done
Event: 2.894 Loading class java/util/RegularEnumSet$EnumSetIterator
Event: 2.894 Loading class java/util/RegularEnumSet$EnumSetIterator done
Event: 2.894 Loading class java/util/Collections$SingletonMap
Event: 2.895 Loading class java/util/Collections$SingletonMap done

Classes unloaded (0 events):
No events

Classes redefined (0 events):
No events

Internal exceptions (20 events):
Event: 1.780 Thread 0x000001850b63f530 Exception <a 'java/lang/NoSuchMethodError'{0x0000000085290f10}: 'java.lang.Object java.lang.invoke.DelegatingMethodHandle$Holder.reinvoke_L(java.lang.Object, java.lang.Object, java.lang.Object, java.lang.Object, java.lang.Object, java.lang.Object, java.lang.Object, java.lang.Object, java.lang.Object, java.lang.Object, java.lang.Object, java.lang.Object, java.lang.Object, java.lang.Object, java.lang.Object, java.lang.Object)'> (0x0000000085290f10) 
thrown [s\src\hotspot\share\interpreter\linkResolver.cpp, l
Event: 1.790 Thread 0x000001850b63f530 Exception <a 'java/lang/NoSuchMethodError'{0x000000008511b6f8}: 'java.lang.Object java.lang.invoke.DirectMethodHandle$Holder.newInvokeSpecial(java.lang.Object, java.lang.Object, java.lang.Object, java.lang.Object, java.lang.Object, java.lang.Object, java.lang.Object, java.lang.Object, java.lang.Object, java.lang.Object, java.lang.Object, java.lang.Object, java.lang.Object, java.lang.Object, java.lang.Object, java.lang.Object, java.lang.Object, java.lang.Object)'> (0x000000008511b6f8) 
thrown [s\src\hotspot
Event: 1.790 Thread 0x000001850b63f530 Exception <a 'java/lang/NoSuchMethodError'{0x0000000085121328}: 'java.lang.Object java.lang.invoke.DirectMethodHandle$Holder.invokeSpecial(java.lang.Object, java.lang.Object, java.lang.Object, java.lang.Object, java.lang.Object, java.lang.Object, java.lang.Object, java.lang.Object, java.lang.Object, java.lang.Object, java.lang.Object, java.lang.Object, java.lang.Object, java.lang.Object, java.lang.Object, java.lang.Object, java.lang.Object, java.lang.Object, java.lang.Object)'> (0x0000000085121328) 
thrown
Event: 1.790 Thread 0x000001850b63f530 Exception <a 'java/lang/NoSuchMethodError'{0x0000000085125fa0}: 'java.lang.Object java.lang.invoke.DelegatingMethodHandle$Holder.reinvoke_L(java.lang.Object, java.lang.Object, java.lang.Object, java.lang.Object, java.lang.Object, java.lang.Object, java.lang.Object, java.lang.Object, java.lang.Object, java.lang.Object, java.lang.Object, java.lang.Object, java.lang.Object, java.lang.Object, java.lang.Object, java.lang.Object, java.lang.Object, java.lang.Object)'> (0x0000000085125fa0) 
thrown [s\src\hotspot\s
Event: 1.797 Thread 0x000001850b63f530 Exception <a 'java/lang/NoSuchMethodError'{0x00000000851ae350}: 'java.lang.Object java.lang.invoke.DirectMethodHandle$Holder.newInvokeSpecial(java.lang.Object, java.lang.Object, java.lang.Object, java.lang.Object, java.lang.Object, java.lang.Object, java.lang.Object, java.lang.Object, java.lang.Object, java.lang.Object, java.lang.Object, java.lang.Object, java.lang.Object, java.lang.Object, java.lang.Object, java.lang.Object, java.lang.Object, java.lang.Object, java.lang.Object, java.lang.Object, java.lang
Event: 1.797 Thread 0x000001850b63f530 Exception <a 'java/lang/NoSuchMethodError'{0x00000000851b5208}: 'java.lang.Object java.lang.invoke.DirectMethodHandle$Holder.invokeSpecial(java.lang.Object, java.lang.Object, java.lang.Object, java.lang.Object, java.lang.Object, java.lang.Object, java.lang.Object, java.lang.Object, java.lang.Object, java.lang.Object, java.lang.Object, java.lang.Object, java.lang.Object, java.lang.Object, java.lang.Object, java.lang.Object, java.lang.Object, java.lang.Object, java.lang.Object, java.lang.Object, java.lang.Ob
Event: 1.798 Thread 0x000001850b63f530 Exception <a 'java/lang/NoSuchMethodError'{0x00000000851ba980}: 'java.lang.Object java.lang.invoke.DelegatingMethodHandle$Holder.reinvoke_L(java.lang.Object, java.lang.Object, java.lang.Object, java.lang.Object, java.lang.Object, java.lang.Object, java.lang.Object, java.lang.Object, java.lang.Object, java.lang.Object, java.lang.Object, java.lang.Object, java.lang.Object, java.lang.Object, java.lang.Object, java.lang.Object, java.lang.Object, java.lang.Object, java.lang.Object, java.lang.Object, java.lang.O
Event: 1.803 Thread 0x000001850b63f530 Exception <a 'java/lang/NoSuchMethodError'{0x0000000085088aa8}: 'java.lang.Object java.lang.invoke.DirectMethodHandle$Holder.invokeStatic(java.lang.Object, java.lang.Object, java.lang.Object, java.lang.Object, java.lang.Object, java.lang.Object, java.lang.Object, java.lang.Object, java.lang.Object, java.lang.Object, java.lang.Object, java.lang.Object, java.lang.Object, java.lang.Object, java.lang.Object, java.lang.Object, java.lang.Object, java.lang.Object, java.lang.Object, java.lang.Object, java.lang.Obj
Event: 1.805 Thread 0x000001850b63f530 Exception <a 'java/lang/NoSuchMethodError'{0x00000000850bbb60}: 'java.lang.Object java.lang.invoke.DirectMethodHandle$Holder.invokeStatic(java.lang.Object, java.lang.Object, java.lang.Object, java.lang.Object, java.lang.Object, java.lang.Object, java.lang.Object, java.lang.Object, java.lang.Object, java.lang.Object, java.lang.Object, java.lang.Object, java.lang.Object, java.lang.Object, java.lang.Object, java.lang.Object, java.lang.Object, java.lang.Object, java.lang.Object, java.lang.Object, java.lang.Obj
Event: 1.812 Thread 0x000001850b63f530 Exception <a 'java/lang/NoSuchMethodError'{0x0000000084f357d0}: 'java.lang.Object java.lang.invoke.DirectMethodHandle$Holder.newInvokeSpecial(java.lang.Object, java.lang.Object, java.lang.Object, java.lang.Object, java.lang.Object, java.lang.Object, java.lang.Object, java.lang.Object, java.lang.Object, java.lang.Object, java.lang.Object, java.lang.Object, java.lang.Object)'> (0x0000000084f357d0) 
thrown [s\src\hotspot\share\interpreter\linkResolver.cpp, line 784]
Event: 1.813 Thread 0x000001850b63f530 Exception <a 'java/lang/NoSuchMethodError'{0x0000000084f3a7e0}: 'java.lang.Object java.lang.invoke.DirectMethodHandle$Holder.invokeSpecial(java.lang.Object, java.lang.Object, java.lang.Object, java.lang.Object, java.lang.Object, java.lang.Object, java.lang.Object, java.lang.Object, java.lang.Object, java.lang.Object, java.lang.Object, java.lang.Object, java.lang.Object, java.lang.Object)'> (0x0000000084f3a7e0) 
thrown [s\src\hotspot\share\interpreter\linkResolver.cpp, line 784]
Event: 1.813 Thread 0x000001850b63f530 Exception <a 'java/lang/NoSuchMethodError'{0x0000000084f3ed30}: 'java.lang.Object java.lang.invoke.DelegatingMethodHandle$Holder.reinvoke_L(java.lang.Object, java.lang.Object, java.lang.Object, java.lang.Object, java.lang.Object, java.lang.Object, java.lang.Object, java.lang.Object, java.lang.Object, java.lang.Object, java.lang.Object, java.lang.Object, java.lang.Object)'> (0x0000000084f3ed30) 
thrown [s\src\hotspot\share\interpreter\linkResolver.cpp, line 784]
Event: 2.000 Thread 0x000001850b63f530 Exception <a 'java/lang/NoSuchMethodError'{0x0000000085515210}: 'java.lang.Object java.lang.invoke.DirectMethodHandle$Holder.newInvokeSpecial(java.lang.Object, java.lang.Object, java.lang.Object, int)'> (0x0000000085515210) 
thrown [s\src\hotspot\share\interpreter\linkResolver.cpp, line 784]
Event: 2.000 Thread 0x000001850b63f530 Exception <a 'java/lang/NoSuchMethodError'{0x0000000085519370}: 'java.lang.Object java.lang.invoke.DirectMethodHandle$Holder.invokeSpecial(java.lang.Object, java.lang.Object, java.lang.Object, java.lang.Object, int)'> (0x0000000085519370) 
thrown [s\src\hotspot\share\interpreter\linkResolver.cpp, line 784]
Event: 2.001 Thread 0x000001850b63f530 Exception <a 'java/lang/NoSuchMethodError'{0x000000008551cab8}: 'java.lang.Object java.lang.invoke.Invokers$Holder.linkToTargetMethod(java.lang.Object, java.lang.Object, int, java.lang.Object)'> (0x000000008551cab8) 
thrown [s\src\hotspot\share\interpreter\linkResolver.cpp, line 784]
Event: 2.151 Thread 0x000001850b63f530 Exception <a 'java/lang/NoSuchMethodError'{0x0000000084d2f568}: 'java.lang.Object java.lang.invoke.DirectMethodHandle$Holder.newInvokeSpecial(java.lang.Object, java.lang.Object, int)'> (0x0000000084d2f568) 
thrown [s\src\hotspot\share\interpreter\linkResolver.cpp, line 784]
Event: 2.724 Thread 0x000001850b63f530 Exception <a 'java/lang/NoSuchMethodError'{0x0000000085403180}: 'java.lang.Object java.lang.invoke.DirectMethodHandle$Holder.newInvokeSpecial(java.lang.Object, int, java.lang.Object)'> (0x0000000085403180) 
thrown [s\src\hotspot\share\interpreter\linkResolver.cpp, line 784]
Event: 2.724 Thread 0x000001850b63f530 Exception <a 'java/lang/NoSuchMethodError'{0x0000000085408c68}: 'int java.lang.invoke.DirectMethodHandle$Holder.invokeInterface(java.lang.Object, java.lang.Object)'> (0x0000000085408c68) 
thrown [s\src\hotspot\share\interpreter\linkResolver.cpp, line 784]
Event: 3.402 Thread 0x000001850b63f530 Implicit null exception at 0x0000018517d0001a to 0x0000018517d00224
Event: 3.402 Thread 0x000001850b63f530 Implicit null exception at 0x0000018517c433bd to 0x0000018517c43439

ZGC Phase Switch (0 events):
No events

VM Operations (20 events):
Event: 3.188 Executing VM operation: HandshakeAllThreads (Deoptimize)
Event: 3.188 Executing VM operation: HandshakeAllThreads (Deoptimize) done
Event: 3.189 Executing VM operation: HandshakeAllThreads (Deoptimize)
Event: 3.189 Executing VM operation: HandshakeAllThreads (Deoptimize) done
Event: 3.232 Executing VM operation: ICBufferFull
Event: 3.233 Executing VM operation: ICBufferFull done
Event: 3.259 Executing VM operation: G1CollectForAllocation (G1 Evacuation Pause)
Event: 3.269 Executing VM operation: G1CollectForAllocation (G1 Evacuation Pause) done
Event: 3.294 Executing VM operation: G1PauseRemark
Event: 3.297 Executing VM operation: G1PauseRemark done
Event: 3.306 Executing VM operation: G1PauseCleanup
Event: 3.306 Executing VM operation: G1PauseCleanup done
Event: 3.398 Executing VM operation: ICBufferFull
Event: 3.398 Executing VM operation: ICBufferFull done
Event: 3.506 Executing VM operation: ICBufferFull
Event: 3.507 Executing VM operation: ICBufferFull done
Event: 3.527 Executing VM operation: G1CollectForAllocation (G1 Evacuation Pause)
Event: 3.541 Executing VM operation: G1CollectForAllocation (G1 Evacuation Pause) done
Event: 3.658 Executing VM operation: ICBufferFull
Event: 3.658 Executing VM operation: ICBufferFull done

Memory protections (0 events):
No events

Nmethod flushes (20 events):
Event: 3.297 Thread 0x0000018524d03490 flushing  nmethod 0x00000185103ec510
Event: 3.297 Thread 0x0000018524d03490 flushing  nmethod 0x00000185103f6e10
Event: 3.297 Thread 0x0000018524d03490 flushing  nmethod 0x0000018510404390
Event: 3.297 Thread 0x0000018524d03490 flushing  nmethod 0x000001851040d110
Event: 3.297 Thread 0x0000018524d03490 flushing  nmethod 0x000001851040eb90
Event: 3.297 Thread 0x0000018524d03490 flushing  nmethod 0x0000018510419510
Event: 3.297 Thread 0x0000018524d03490 flushing  nmethod 0x0000018510458510
Event: 3.297 Thread 0x0000018524d03490 flushing  nmethod 0x00000185104dc810
Event: 3.297 Thread 0x0000018524d03490 flushing  nmethod 0x00000185104de190
Event: 3.297 Thread 0x0000018524d03490 flushing  nmethod 0x0000018510532210
Event: 3.297 Thread 0x0000018524d03490 flushing  nmethod 0x0000018510533490
Event: 3.297 Thread 0x0000018524d03490 flushing  nmethod 0x0000018510534610
Event: 3.297 Thread 0x0000018524d03490 flushing  nmethod 0x0000018510534b10
Event: 3.297 Thread 0x0000018524d03490 flushing  nmethod 0x0000018510535c90
Event: 3.297 Thread 0x0000018524d03490 flushing  nmethod 0x0000018510537890
Event: 3.297 Thread 0x0000018524d03490 flushing  nmethod 0x0000018510547d90
Event: 3.297 Thread 0x0000018524d03490 flushing  nmethod 0x000001851054d310
Event: 3.297 Thread 0x0000018524d03490 flushing  nmethod 0x000001851054e010
Event: 3.297 Thread 0x0000018524d03490 flushing  nmethod 0x0000018510566990
Event: 3.297 Thread 0x0000018524d03490 flushing  nmethod 0x000001851058c010

Events (17 events):
Event: 0.009 Thread 0x000001850b63f530 Thread added: 0x000001850b63f530
Event: 0.043 Thread 0x000001850b63f530 Thread added: 0x0000018529029020
Event: 0.043 Thread 0x000001850b63f530 Thread added: 0x0000018529072400
Event: 0.044 Thread 0x000001850b63f530 Thread added: 0x000001852904ff30
Event: 0.044 Thread 0x000001850b63f530 Thread added: 0x0000018529052a90
Event: 0.044 Thread 0x000001850b63f530 Thread added: 0x0000018529054570
Event: 0.044 Thread 0x000001850b63f530 Thread added: 0x000001852905cfd0
Event: 0.044 Thread 0x000001850b63f530 Thread added: 0x000001852905dd50
Event: 0.044 Thread 0x000001850b63f530 Thread added: 0x000001852907e3a0
Event: 0.071 Thread 0x000001850b63f530 Thread added: 0x0000018529218870
Event: 0.075 Thread 0x000001850b63f530 Thread added: 0x0000018529218ed0
Event: 0.081 Loaded shared library D:\Android Studio\jbr\bin\net.dll
Event: 0.082 Loaded shared library D:\Android Studio\jbr\bin\nio.dll
Event: 0.096 Thread 0x000001852905dd50 Thread added: 0x0000018529226da0
Event: 0.096 Thread 0x000001852905dd50 Thread added: 0x0000018529227440
Event: 0.107 Loaded shared library D:\Android Studio\jbr\bin\zip.dll
Event: 0.129 Loaded shared library D:\Android Studio\jbr\bin\jimage.dll


Dynamic libraries:
0x00007ff79d530000 - 0x00007ff79d53a000 	D:\Android Studio\jbr\bin\java.exe
0x00007ff9a8d50000 - 0x00007ff9a8f68000 	C:\WINDOWS\SYSTEM32\ntdll.dll
0x00007ff9a8260000 - 0x00007ff9a8324000 	C:\WINDOWS\System32\KERNEL32.DLL
0x00007ff9a6240000 - 0x00007ff9a6613000 	C:\WINDOWS\System32\KERNELBASE.dll
0x00007ff9a60f0000 - 0x00007ff9a6201000 	C:\WINDOWS\System32\ucrtbase.dll
0x00007ff9902d0000 - 0x00007ff9902e8000 	D:\Android Studio\jbr\bin\jli.dll
0x00007ff99f360000 - 0x00007ff99f37b000 	D:\Android Studio\jbr\bin\VCRUNTIME140.dll
0x00007ff9a73f0000 - 0x00007ff9a75a2000 	C:\WINDOWS\System32\USER32.dll
0x00007ff9a6210000 - 0x00007ff9a6236000 	C:\WINDOWS\System32\win32u.dll
0x00007ff98ff10000 - 0x00007ff9901ac000 	C:\WINDOWS\WinSxS\amd64_microsoft.windows.common-controls_6595b64144ccf1df_6.0.22621.6060_none_2712eda17382d24b\COMCTL32.dll
0x00007ff9a75b0000 - 0x00007ff9a75d9000 	C:\WINDOWS\System32\GDI32.dll
0x00007ff9a83a0000 - 0x00007ff9a8447000 	C:\WINDOWS\System32\msvcrt.dll
0x00007ff9a5fc0000 - 0x00007ff9a60e3000 	C:\WINDOWS\System32\gdi32full.dll
0x00007ff9a68d0000 - 0x00007ff9a696a000 	C:\WINDOWS\System32\msvcp_win.dll
0x00007ff9a85d0000 - 0x00007ff9a8601000 	C:\WINDOWS\System32\IMM32.DLL
0x00007ff9a14b0000 - 0x00007ff9a14bc000 	D:\Android Studio\jbr\bin\vcruntime140_1.dll
0x00007ff975360000 - 0x00007ff9753ed000 	D:\Android Studio\jbr\bin\msvcp140.dll
0x00007ff90d3e0000 - 0x00007ff90e06a000 	D:\Android Studio\jbr\bin\server\jvm.dll
0x00007ff9a7330000 - 0x00007ff9a73e1000 	C:\WINDOWS\System32\ADVAPI32.dll
0x00007ff9a8610000 - 0x00007ff9a86b8000 	C:\WINDOWS\System32\sechost.dll
0x00007ff9a68a0000 - 0x00007ff9a68c8000 	C:\WINDOWS\System32\bcrypt.dll
0x00007ff9a8b70000 - 0x00007ff9a8c88000 	C:\WINDOWS\System32\RPCRT4.dll
0x00007ff9a7d50000 - 0x00007ff9a7dc1000 	C:\WINDOWS\System32\WS2_32.dll
0x00007ff9a56a0000 - 0x00007ff9a56ed000 	C:\WINDOWS\SYSTEM32\POWRPROF.dll
0x00007ff99d100000 - 0x00007ff99d10a000 	C:\WINDOWS\SYSTEM32\VERSION.dll
0x00007ff9a07d0000 - 0x00007ff9a0804000 	C:\WINDOWS\SYSTEM32\WINMM.dll
0x00007ff9a5680000 - 0x00007ff9a5693000 	C:\WINDOWS\SYSTEM32\UMPDC.dll
0x00007ff9a4e20000 - 0x00007ff9a4e38000 	C:\WINDOWS\SYSTEM32\kernel.appcore.dll
0x00007ff99f350000 - 0x00007ff99f35a000 	D:\Android Studio\jbr\bin\jimage.dll
0x00007ff9a3390000 - 0x00007ff9a35c3000 	C:\WINDOWS\SYSTEM32\DBGHELP.DLL
0x00007ff9a87d0000 - 0x00007ff9a8b62000 	C:\WINDOWS\System32\combase.dll
0x00007ff9a75e0000 - 0x00007ff9a76b8000 	C:\WINDOWS\System32\OLEAUT32.dll
0x00007ff97c6c0000 - 0x00007ff97c6f2000 	C:\WINDOWS\SYSTEM32\dbgcore.DLL
0x00007ff9a6970000 - 0x00007ff9a69eb000 	C:\WINDOWS\System32\bcryptPrimitives.dll
0x00007ff99dcb0000 - 0x00007ff99dcd0000 	D:\Android Studio\jbr\bin\java.dll
0x00007ff99dc60000 - 0x00007ff99dc78000 	D:\Android Studio\jbr\bin\zip.dll
0x00007ff9a6a90000 - 0x00007ff9a732e000 	C:\WINDOWS\System32\SHELL32.dll
0x00007ff9a6620000 - 0x00007ff9a675f000 	C:\WINDOWS\System32\wintypes.dll
0x00007ff9a3d30000 - 0x00007ff9a4648000 	C:\WINDOWS\SYSTEM32\windows.storage.dll
0x00007ff9a8450000 - 0x00007ff9a8554000 	C:\WINDOWS\System32\SHCORE.dll
0x00007ff9a8560000 - 0x00007ff9a85c9000 	C:\WINDOWS\System32\shlwapi.dll
0x00007ff9a5d80000 - 0x00007ff9a5da5000 	C:\WINDOWS\SYSTEM32\profapi.dll
0x00007ff99dca0000 - 0x00007ff99dcb0000 	D:\Android Studio\jbr\bin\net.dll
0x00007ff9a16d0000 - 0x00007ff9a17fc000 	C:\WINDOWS\SYSTEM32\WINHTTP.dll
0x00007ff9a5300000 - 0x00007ff9a5369000 	C:\WINDOWS\system32\mswsock.dll
0x00007ff99d6b0000 - 0x00007ff99d6c6000 	D:\Android Studio\jbr\bin\nio.dll
0x00007ff991940000 - 0x00007ff991950000 	D:\Android Studio\jbr\bin\verify.dll

dbghelp: loaded successfully - version: 4.0.5 - missing functions: none
symbol engine: initialized successfully - sym options: 0x614 - pdb path: .;D:\Android Studio\jbr\bin;C:\WINDOWS\SYSTEM32;C:\WINDOWS\WinSxS\amd64_microsoft.windows.common-controls_6595b64144ccf1df_6.0.22621.6060_none_2712eda17382d24b;D:\Android Studio\jbr\bin\server

VM Arguments:
java_command: org.jetbrains.kotlin.cli.jvm.K2JVMCompiler @C:\mobilki\app\build\20251104_13205523562544857168.compiler.options
java_class_path (initial): C:\Users\Vctor\.gradle\caches\modules-2\files-2.1\org.jetbrains.kotlin\kotlin-compiler-embeddable\1.9.22\9cd4dc7773cf2a99ecd961a88fbbc9a2da3fb5e1\kotlin-compiler-embeddable-1.9.22.jar;C:\Users\Vctor\.gradle\caches\modules-2\files-2.1\org.jetbrains.kotlin\kotlin-stdlib\1.9.22\d6c44cd08d8f3f9bece8101216dbe6553365c6e3\kotlin-stdlib-1.9.22.jar;C:\Users\Vctor\.gradle\caches\modules-2\files-2.1\org.jetbrains.kotlin\kotlin-script-runtime\1.9.22\f8139a46fc677ec9badc49ae954392f4f5e7e7c7\kotlin-script-runtime-1.9.22.jar;C:\Users\Vctor\.gradle\caches\modules-2\files-2.1\org.jetbrains.kotlin\kotlin-reflect\1.6.10\1cbe9c92c12a94eea200d23c2bbaedaf3daf5132\kotlin-reflect-1.6.10.jar;C:\Users\Vctor\.gradle\caches\modules-2\files-2.1\org.jetbrains.kotlin\kotlin-daemon-embeddable\1.9.22\20e2c5df715f3240c765cfc222530e2796542021\kotlin-daemon-embeddable-1.9.22.jar;C:\Users\Vctor\.gradle\caches\modules-2\files-2.1\org.jetbrains.intellij.deps\trove4j\1.0.20200330\3afb14d5f9ceb459d724e907a21145e8ff394f02\trove4j-1.0.20200330.jar;C:\Users\Vctor\.gradle\caches\modules-2\files-2.1\org.jetbrains\annotations\13.0\919f0dfe192fb4e063e7dacadee7f8bb9a2672a9\annotations-13.0.jar
Launcher Type: SUN_STANDARD

[Global flags]
     intx CICompilerCount                          = 4                                         {product} {ergonomic}
     uint ConcGCThreads                            = 2                                         {product} {ergonomic}
     uint G1ConcRefinementThreads                  = 8                                         {product} {ergonomic}
   size_t G1HeapRegionSize                         = 1048576                                   {product} {ergonomic}
    uintx GCDrainStackTargetSize                   = 64                                        {product} {ergonomic}
   size_t InitialHeapSize                          = 132120576                                 {product} {ergonomic}
   size_t MarkStackSize                            = 4194304                                   {product} {ergonomic}
   size_t MaxHeapSize                              = 2095054848                                {product} {ergonomic}
   size_t MaxNewSize                               = 1256194048                                {product} {ergonomic}
   size_t MinHeapDeltaBytes                        = 1048576                                   {product} {ergonomic}
   size_t MinHeapSize                              = 8388608                                   {product} {ergonomic}
    uintx NonNMethodCodeHeapSize                   = 5839372                                {pd product} {ergonomic}
    uintx NonProfiledCodeHeapSize                  = 122909434                              {pd product} {ergonomic}
    uintx ProfiledCodeHeapSize                     = 122909434                              {pd product} {ergonomic}
    uintx ReservedCodeCacheSize                    = 251658240                              {pd product} {ergonomic}
     bool SegmentedCodeCache                       = true                                      {product} {ergonomic}
   size_t SoftMaxHeapSize                          = 2095054848                             {manageable} {ergonomic}
     bool UseCompressedOops                        = true                           {product lp64_product} {ergonomic}
     bool UseG1GC                                  = true                                      {product} {ergonomic}
     bool UseLargePagesIndividualAllocation        = false                                  {pd product} {ergonomic}

Logging:
Log output configuration:
 #0: stdout all=warning uptime,level,tags foldmultilines=false
 #1: stderr all=off uptime,level,tags foldmultilines=false

Environment Variables:
PATH=C:\Program Files\Common Files\Oracle\Java\javapath;C:\Python312\Scripts\;C:\Python312\;C:\Windows\System32\HWAudioDriverLibs;C:\Windows\system32;C:\Windows;C:\Windows\System32\Wbem;C:\Windows\System32\WindowsPowerShell\v1.0\;C:\Windows\System32\OpenSSH\;C:\Users\Administrator\AppData\Local\Microsoft\WindowsApps;C:\WINDOWS\system32;C:\WINDOWS;C:\WINDOWS\System32\Wbem;C:\WINDOWS\System32\WindowsPowerShell\v1.0\;C:\WINDOWS\System32\OpenSSH\;C:\Program Files\dotnet\;C:\Program Files\Microsoft SQL Server\150\Tools\Binn\;C:\Program Files\Microsoft SQL Server\Client SDK\ODBC\170\Tools\Binn\;C:\Program Files (x86)\Windows Kits\10\Windows Performance Toolkit\;D:\  \Git\cmd;C:\ProgramData\chocolatey\bin;D:\  \nodejs\;D:\  \Microsoft VS Code\bin;C:\MinGW\bin;C:\Users\Vctor\Downloads\wget-1.21.4-win64;D:\  \cursor\resources\app\bin;D:\  \flutter()\flutter\bin;D:\open_server_dly_hh.ru\bin;C:\Users\Vctor\AppData\Local\Programs\Python\Python311\Scripts\;C:\Users\Vctor\AppData\Local\Programs\Python\Python311\;C:\Users\Vctor\AppData\Local\Microsoft\WindowsApps;C:\Users\Vctor\.dotnet\tools;C:\Users\Vctor\OneDrive\ \PyCharm Community Edition 2024.1.2\bin;;C:\Users\Vctor\AppData\Local\Microsoft\WinGet\Packages\Schniz.fnm_Microsoft.Winget.Source_8wekyb3d8bbwe;C:\Users\Vctor\AppData\Roaming\npm
USERNAME=Vctor
OS=Windows_NT
PROCESSOR_IDENTIFIER=Intel64 Family 6 Model 140 Stepping 1, GenuineIntel
TMP=C:\Users\Vctor\AppData\Local\Temp
TEMP=C:\Users\Vctor\AppData\Local\Temp




Periodic native trim disabled

JNI global refs:
JNI global refs: 12, weak refs: 0

JNI global refs memory usage: 835, weak refs: 833

Process memory usage:
Resident Set Size: 220928K (2% of 8183096K total physical memory with 439548K free physical memory)

OOME stack traces (most recent first):
Classloader memory used:
Loader jdk.internal.loader.ClassLoaders$AppClassLoader                                 : 36128K
Loader bootstrap                                                                       : 12157K

---------------  S Y S T E M  ---------------

OS:
 Windows 11 , 64 bit Build 22621 (10.0.22621.5415)
OS uptime: 1 days 17:53 hours

CPU: total 8 (initial active 8) (4 cores per cpu, 2 threads per core) family 6 model 140 stepping 1 microcode 0x8a, cx8, cmov, fxsr, ht, mmx, 3dnowpref, sse, sse2, sse3, ssse3, sse4.1, sse4.2, popcnt, lzcnt, tsc, tscinvbit, avx, avx2, aes, erms, clmul, bmi1, bmi2, adx, avx512f, avx512dq, avx512cd, avx512bw, avx512vl, sha, fma, vzeroupper, avx512_vpopcntdq, avx512_vpclmulqdq, avx512_vaes, avx512_vnni, clflush, clflushopt, clwb, avx512_vbmi2, avx512_vbmi, rdtscp, rdpid, fsrm, gfni, avx512_bitalg, f16c, pku, cet_ibt, cet_ss, avx512_ifma
Processor Information for processor 0
  Max Mhz: 2419, Current Mhz: 2419, Mhz Limit: 2419
Processor Information for processor 1
  Max Mhz: 2419, Current Mhz: 2419, Mhz Limit: 2419
Processor Information for processor 2
  Max Mhz: 2419, Current Mhz: 2419, Mhz Limit: 2419
Processor Information for processor 3
  Max Mhz: 2419, Current Mhz: 2419, Mhz Limit: 2419
Processor Information for processor 4
  Max Mhz: 2419, Current Mhz: 2419, Mhz Limit: 2419
Processor Information for processor 5
  Max Mhz: 2419, Current Mhz: 1209, Mhz Limit: 2419
Processor Information for processor 6
  Max Mhz: 2419, Current Mhz: 1209, Mhz Limit: 2419
Processor Information for processor 7
  Max Mhz: 2419, Current Mhz: 2419, Mhz Limit: 2419

Memory: 4k page, system-wide physical 7991M (429M free)
TotalPageFile size 20194M (AvailPageFile size 5M)
current process WorkingSet (physical memory assigned to process): 215M, peak: 218M
current process commit charge ("private bytes"): 249M, peak: 253M

vm_info: OpenJDK 64-Bit Server VM (21.0.5+-13047016-b750.29) for windows-amd64 JRE (21.0.5+-13047016-b750.29), built on 2025-02-11T21:12:39Z by "builder" with MS VC++ 16.10 / 16.11 (VS2019)

END.
